This is pdfTeX, Version 3.141592653-2.6-1.40.25 (TeX Live 2023/Homebrew) (preloaded format=pdflatex 2023.6.22)  11 DEC 2023 09:28
entering extended mode
 restricted \write18 enabled.
 %&-line parsing enabled.
**"/Users/nikos/github-synced/paper-uk-crowd-forecasts/manuscript submitted ver
sion/manuscript.tex"

(/Users/nikos/github-synced/paper-uk-crowd-forecasts/manuscript submitted versi
on/manuscript.tex
LaTeX2e <2022-11-01> patch level 1
L3 programming layer <2023-02-22>
(/opt/homebrew/Cellar/texlive/20230313_2/share/texmf-dist/tex/latex/base/articl
e.cls
Document Class: article 2022/07/02 v1.4n Standard LaTeX document class

(/opt/homebrew/Cellar/texlive/20230313_2/share/texmf-dist/tex/latex/base/size10
.clo
File: size10.clo 2022/07/02 v1.4n Standard LaTeX file (size option)
)
\c@part=\count185
\c@section=\count186
\c@subsection=\count187
\c@subsubsection=\count188
\c@paragraph=\count189
\c@subparagraph=\count190
\c@figure=\count191
\c@table=\count192
\abovecaptionskip=\skip48
\belowcaptionskip=\skip49
\bibindent=\dimen140
) (./WellcomeOR_styles.sty
Package: WellcomeOR_styles 

(/opt/homebrew/Cellar/texlive/20230313_2/share/texmf-dist/tex/latex/preprint/au
thblk.sty
Package: authblk 2001/02/27 1.3 (PWD)
\affilsep=\skip50
\@affilsep=\skip51
\c@Maxaffil=\count193
\c@authors=\count194
\c@affil=\count195
)
(/opt/homebrew/Cellar/texlive/20230313_2/share/texmf-dist/tex/generic/babel/bab
el.sty
Package: babel 2023/02/13 3.86 The Babel package
\babel@savecnt=\count196
\U@D=\dimen141
\l@unhyphenated=\language87

(/opt/homebrew/Cellar/texlive/20230313_2/share/texmf-dist/tex/generic/babel/txt
babel.def)
\bbl@readstream=\read2
\bbl@dirlevel=\count197

(/opt/homebrew/Cellar/texlive/20230313_2/share/texmf-dist/tex/generic/babel-eng
lish/english.ldf
Language: english 2017/06/06 v3.3r English support from the babel system
Package babel Info: Hyphen rules for 'canadian' set to \l@english
(babel)             (\language0). Reported on input line 102.
Package babel Info: Hyphen rules for 'australian' set to \l@ukenglish
(babel)             (\language21). Reported on input line 105.
Package babel Info: Hyphen rules for 'newzealand' set to \l@ukenglish
(babel)             (\language21). Reported on input line 108.
))
(/opt/homebrew/Cellar/texlive/20230313_2/share/texmf-dist/tex/generic/babel/loc
ale/en/babel-english.tex
Package babel Info: Importing font and identification data for english
(babel)             from babel-en.ini. Reported on input line 11.
)
(/opt/homebrew/Cellar/texlive/20230313_2/share/texmf-dist/tex/latex/base/inpute
nc.sty
Package: inputenc 2021/02/14 v1.3d Input encoding file
\inpenc@prehook=\toks16
\inpenc@posthook=\toks17
)
(/opt/homebrew/Cellar/texlive/20230313_2/share/texmf-dist/tex/latex/base/fonten
c.sty
Package: fontenc 2021/04/29 v2.0v Standard LaTeX package
)
(/opt/homebrew/Cellar/texlive/20230313_2/share/texmf-dist/tex/latex/mathdesign/
mathdesign.sty
Package: mathdesign 2013/08/29 v2.31 Math Design Project

(/opt/homebrew/Cellar/texlive/20230313_2/share/texmf-dist/tex/latex/graphics/ke
yval.sty
Package: keyval 2022/05/29 v1.15 key=value parser (DPC)
\KV@toks@=\toks18
)
(/opt/homebrew/Cellar/texlive/20230313_2/share/texmf-dist/tex/latex/base/ifthen
.sty
Package: ifthen 2022/04/13 v1.1d Standard LaTeX ifthen package (DPC)
)
(/opt/homebrew/Cellar/texlive/20230313_2/share/texmf-dist/tex/latex/mathdesign/
mdbch/mdbch.cfg)
(/opt/homebrew/Cellar/texlive/20230313_2/share/texmf-dist/tex/latex/mathdesign/
mdbch/mdbch.sty
Package: mdbch 2013/08/29 v2.31 bitstream bitstream charter + mdbch (Math Desig
n Project)

(/opt/homebrew/Cellar/texlive/20230313_2/share/texmf-dist/tex/latex/mathdesign/
mdfont.def
File: mdfont.def 2013/08/29 v2.31 (Math Design Project)
)
(/opt/homebrew/Cellar/texlive/20230313_2/share/texmf-dist/tex/latex/mathdesign/
mdsffont.def
File: mdsffont.def 2013/08/29 v2.31 (Math Design Project)

LaTeX Info: Font shape OT1/phv/mc/n has incorrect series value `mc'.
            It should not contain an `m'! Please correct it.
            Found on input line 53.


LaTeX Info: Font shape OT1/phv/mc/sc has incorrect series value `mc'.
            It should not contain an `m'! Please correct it.
            Found on input line 56.


LaTeX Info: Font shape OT1/phv/mc/sl has incorrect series value `mc'.
            It should not contain an `m'! Please correct it.
            Found on input line 59.


LaTeX Info: Font shape OT1/phv/mc/it has incorrect series value `mc'.
            It should not contain an `m'! Please correct it.
            Found on input line 79.


LaTeX Info: Font shape T1/phv/mc/n has incorrect series value `mc'.
            It should not contain an `m'! Please correct it.
            Found on input line 102.


LaTeX Info: Font shape T1/phv/mc/sc has incorrect series value `mc'.
            It should not contain an `m'! Please correct it.
            Found on input line 105.


LaTeX Info: Font shape T1/phv/mc/sl has incorrect series value `mc'.
            It should not contain an `m'! Please correct it.
            Found on input line 108.


LaTeX Info: Font shape T1/phv/mc/it has incorrect series value `mc'.
            It should not contain an `m'! Please correct it.
            Found on input line 128.


LaTeX Info: Font shape OT1/uhv/mc/n has incorrect series value `mc'.
            It should not contain an `m'! Please correct it.
            Found on input line 259.


LaTeX Info: Font shape OT1/uhv/mc/sc has incorrect series value `mc'.
            It should not contain an `m'! Please correct it.
            Found on input line 262.


LaTeX Info: Font shape OT1/uhv/mc/sl has incorrect series value `mc'.
            It should not contain an `m'! Please correct it.
            Found on input line 265.


LaTeX Info: Font shape OT1/uhv/mc/it has incorrect series value `mc'.
            It should not contain an `m'! Please correct it.
            Found on input line 268.


LaTeX Info: Font shape T1/uhv/mc/n has incorrect series value `mc'.
            It should not contain an `m'! Please correct it.
            Found on input line 313.


LaTeX Info: Font shape T1/uhv/mc/sc has incorrect series value `mc'.
            It should not contain an `m'! Please correct it.
            Found on input line 316.


LaTeX Info: Font shape T1/uhv/mc/sl has incorrect series value `mc'.
            It should not contain an `m'! Please correct it.
            Found on input line 319.


LaTeX Info: Font shape T1/uhv/mc/it has incorrect series value `mc'.
            It should not contain an `m'! Please correct it.
            Found on input line 322.

)
(/opt/homebrew/Cellar/texlive/20230313_2/share/texmf-dist/tex/latex/mathdesign/
mdttfont.def
File: mdttfont.def 2013/08/29 v2.31 (Math Design Project)
)
\symmdcal=\mathgroup4
LaTeX Font Info:    Overwriting symbol font `mdcal' in version `bold'
(Font)                  OMS/mdbch/m/n --> OMS/mdbch/b/n on input line 97.
\symmdscr=\mathgroup5
LaTeX Font Info:    Overwriting symbol font `mdscr' in version `bold'
(Font)                  OMS/mdbch/m/n --> OMS/mdbch/b/n on input line 103.
LaTeX Font Info:    Overwriting math alphabet `\mathfrak' in version `bold'
(Font)                  U/xmdeuf/m/n --> U/xmdeuf/b/n on input line 110.
LaTeX Font Info:    Overwriting symbol font `operators' in version `normal'
(Font)                  OT1/cmr/m/n --> OT1/mdbch/m/n on input line 121.
LaTeX Font Info:    Overwriting symbol font `letters' in version `normal'
(Font)                  OML/cmm/m/it --> OML/mdbch/m/it on input line 122.
LaTeX Font Info:    Overwriting symbol font `symbols' in version `normal'
(Font)                  OMS/cmsy/m/n --> OMS/mdbch/m/n on input line 123.
LaTeX Font Info:    Overwriting symbol font `largesymbols' in version `normal'
(Font)                  OMX/cmex/m/n --> OMX/mdbch/m/n on input line 124.
LaTeX Font Info:    Overwriting symbol font `operators' in version `bold'
(Font)                  OT1/cmr/bx/n --> OT1/mdbch/b/n on input line 126.
LaTeX Font Info:    Overwriting symbol font `letters' in version `bold'
(Font)                  OML/cmm/b/it --> OML/mdbch/b/it on input line 127.
LaTeX Font Info:    Overwriting symbol font `symbols' in version `bold'
(Font)                  OMS/cmsy/b/n --> OMS/mdbch/b/n on input line 128.
LaTeX Font Info:    Overwriting symbol font `largesymbols' in version `bold'
(Font)                  OMX/cmex/m/n --> OMX/mdbch/b/n on input line 129.
LaTeX Font Info:    Overwriting math alphabet `\mathrm' in version `normal'
(Font)                  OT1/mdbch/m/n --> T1/mdbch/m/n on input line 131.
LaTeX Font Info:    Overwriting math alphabet `\mathbf' in version `normal'
(Font)                  OT1/cmr/bx/n --> T1/mdbch/b/n on input line 132.
LaTeX Font Info:    Overwriting math alphabet `\mathit' in version `normal'
(Font)                  OT1/cmr/m/it --> T1/mdbch/m/it on input line 133.
LaTeX Font Info:    Overwriting math alphabet `\mathsf' in version `normal'
(Font)                  OT1/cmss/m/n --> T1/cmss/m/n on input line 134.
LaTeX Font Info:    Overwriting math alphabet `\mathtt' in version `normal'
(Font)                  OT1/cmtt/m/n --> T1/cmtt/m/n on input line 135.
LaTeX Font Info:    Overwriting math alphabet `\mathrm' in version `bold'
(Font)                  OT1/mdbch/b/n --> T1/mdbch/b/n on input line 137.
LaTeX Font Info:    Overwriting math alphabet `\mathbf' in version `bold'
(Font)                  OT1/cmr/bx/n --> T1/mdbch/b/n on input line 138.
LaTeX Font Info:    Overwriting math alphabet `\mathit' in version `bold'
(Font)                  OT1/cmr/bx/it --> T1/mdbch/b/it on input line 139.
LaTeX Font Info:    Overwriting math alphabet `\mathsf' in version `bold'
(Font)                  OT1/cmss/bx/n --> T1/cmss/b/n on input line 140.
LaTeX Font Info:    Overwriting math alphabet `\mathtt' in version `bold'
(Font)                  OT1/cmtt/m/n --> T1/cmtt/b/n on input line 141.
\symlettersupright=\mathgroup6
LaTeX Font Info:    Overwriting symbol font `lettersupright' in version `bold'
(Font)                  OML/mdbch/m/n --> OML/mdbch/b/n on input line 144.
LaTeX Font Info:    Redeclaring math alphabet \mathrm on input line 145.
LaTeX Font Info:    Overwriting math alphabet `\mathcal' in version `normal'
(Font)                  OMS/mdbch/m/n --> OMS/mdbch/m/n on input line 167.

(/opt/homebrew/Cellar/texlive/20230313_2/share/texmf-dist/tex/latex/xkeyval/xke
yval.sty
Package: xkeyval 2022/06/16 v2.9 package option processing (HA)

(/opt/homebrew/Cellar/texlive/20230313_2/share/texmf-dist/tex/generic/xkeyval/x
keyval.tex
(/opt/homebrew/Cellar/texlive/20230313_2/share/texmf-dist/tex/generic/xkeyval/x
kvutils.tex
\XKV@toks=\toks19
\XKV@tempa@toks=\toks20
)
\XKV@depth=\count198
File: xkeyval.tex 2014/12/03 v2.7a key=value parser (HA)
))
LaTeX Font Info:    Trying to load font information for T1+mdbch on input line 
186.

(/opt/homebrew/Cellar/texlive/20230313_2/share/texmf-dist/tex/latex/mathdesign/
mdbch/t1mdbch.fd
File: t1mdbch.fd 2013/08/29 Fontinst v1.933 font definitions for T1/mdbch.
)
LaTeX Font Info:    Font shape `T1/mdbch/m/n' will be
(Font)              scaled to size 9.60007pt on input line 186.
LaTeX Font Info:    Redeclaring math accent \widetilde on input line 449.
LaTeX Font Info:    Redeclaring math accent \widehat on input line 450.
Now handling font encoding MDA ...
... no UTF-8 mapping file for font encoding MDA
\symmathdesignA=\mathgroup7
LaTeX Font Info:    Overwriting symbol font `mathdesignA' in version `bold'
(Font)                  MDA/mdbch/m/n --> MDA/mdbch/b/n on input line 491.
Now handling font encoding MDB ...
... no UTF-8 mapping file for font encoding MDB
\symmathdesignB=\mathgroup8
LaTeX Font Info:    Overwriting symbol font `mathdesignB' in version `bold'
(Font)                  MDB/mdbch/m/n --> MDB/mdbch/b/n on input line 498.
\@emptytoks=\toks21
LaTeX Font Info:    Redeclaring math accent \widetilde on input line 532.
LaTeX Font Info:    Redeclaring math accent \widehat on input line 533.
\rulethickness=\skip52
)
(/opt/homebrew/Cellar/texlive/20230313_2/share/texmf-dist/tex/latex/base/fonten
c.sty
Package: fontenc 2021/04/29 v2.0v Standard LaTeX package
))
(/opt/homebrew/Cellar/texlive/20230313_2/share/texmf-dist/tex/latex/colortbl/co
lortbl.sty
Package: colortbl 2022/06/20 v1.0f Color table columns (DPC)

(/opt/homebrew/Cellar/texlive/20230313_2/share/texmf-dist/tex/latex/tools/array
.sty
Package: array 2022/09/04 v2.5g Tabular extension package (FMi)
\col@sep=\dimen142
\ar@mcellbox=\box51
\extrarowheight=\dimen143
\NC@list=\toks22
\extratabsurround=\skip53
\backup@length=\skip54
\ar@cellbox=\box52
)
(/opt/homebrew/Cellar/texlive/20230313_2/share/texmf-dist/tex/latex/graphics/co
lor.sty
Package: color 2022/01/06 v1.3d Standard LaTeX Color (DPC)

(/opt/homebrew/Cellar/texlive/20230313_2/share/texmf-dist/tex/latex/graphics-cf
g/color.cfg
File: color.cfg 2016/01/02 v1.6 sample color configuration
)
Package color Info: Driver file: pdftex.def on input line 149.

(/opt/homebrew/Cellar/texlive/20230313_2/share/texmf-dist/tex/latex/graphics-de
f/pdftex.def
File: pdftex.def 2022/09/22 v1.2b Graphics/color driver for pdftex
)
(/opt/homebrew/Cellar/texlive/20230313_2/share/texmf-dist/tex/latex/graphics/ma
thcolor.ltx))
\everycr=\toks23
\minrowclearance=\skip55
\rownum=\count199
)
(/opt/homebrew/Cellar/texlive/20230313_2/share/texmf-dist/tex/latex/xcolor/xcol
or.sty
Package: xcolor 2022/06/12 v2.14 LaTeX color extensions (UK)

(/opt/homebrew/Cellar/texlive/20230313_2/share/texmf-dist/tex/latex/graphics-cf
g/color.cfg
File: color.cfg 2016/01/02 v1.6 sample color configuration
)
Package xcolor Info: Package option `usenames' ignored on input line 218.
Package xcolor Info: Driver file: pdftex.def on input line 227.
LaTeX Info: Redefining \color on input line 711.

(/opt/homebrew/Cellar/texlive/20230313_2/share/texmf-dist/tex/latex/graphics/ma
thcolor.ltx)
Package xcolor Info: Model `cmy' substituted by `cmy0' on input line 1353.
Package xcolor Info: Model `hsb' substituted by `rgb' on input line 1357.
Package xcolor Info: Model `RGB' extended on input line 1369.
Package xcolor Info: Model `HTML' substituted by `rgb' on input line 1371.
Package xcolor Info: Model `Hsb' substituted by `hsb' on input line 1372.
Package xcolor Info: Model `tHsb' substituted by `hsb' on input line 1373.
Package xcolor Info: Model `HSB' substituted by `hsb' on input line 1374.
Package xcolor Info: Model `Gray' substituted by `gray' on input line 1375.
Package xcolor Info: Model `wave' substituted by `hsb' on input line 1376.

(/opt/homebrew/Cellar/texlive/20230313_2/share/texmf-dist/tex/latex/graphics/dv
ipsnam.def
File: dvipsnam.def 2016/06/17 v3.0m Driver-dependent file (DPC,SPQR)
))
(/opt/homebrew/Cellar/texlive/20230313_2/share/texmf-dist/tex/latex/amsmath/ams
math.sty
Package: amsmath 2022/04/08 v2.17n AMS math features
\@mathmargin=\skip56
For additional information on amsmath, use the `?' option.

(/opt/homebrew/Cellar/texlive/20230313_2/share/texmf-dist/tex/latex/amsmath/ams
text.sty
Package: amstext 2021/08/26 v2.01 AMS text

(/opt/homebrew/Cellar/texlive/20230313_2/share/texmf-dist/tex/latex/amsmath/ams
gen.sty
File: amsgen.sty 1999/11/30 v2.0 generic functions
\@emptytoks=\toks24
\ex@=\dimen144
))
(/opt/homebrew/Cellar/texlive/20230313_2/share/texmf-dist/tex/latex/amsmath/ams
bsy.sty
Package: amsbsy 1999/11/29 v1.2d Bold Symbols
\pmbraise@=\dimen145
)
(/opt/homebrew/Cellar/texlive/20230313_2/share/texmf-dist/tex/latex/amsmath/ams
opn.sty
Package: amsopn 2022/04/08 v2.04 operator names
)
\inf@bad=\count266
LaTeX Info: Redefining \frac on input line 234.
\uproot@=\count267
\leftroot@=\count268
LaTeX Info: Redefining \overline on input line 399.
LaTeX Info: Redefining \colon on input line 410.
\classnum@=\count269
\DOTSCASE@=\count270
LaTeX Info: Redefining \ldots on input line 496.
LaTeX Info: Redefining \dots on input line 499.
LaTeX Info: Redefining \cdots on input line 620.
\Mathstrutbox@=\box53
\strutbox@=\box54
LaTeX Info: Redefining \big on input line 722.
LaTeX Info: Redefining \Big on input line 723.
LaTeX Info: Redefining \bigg on input line 724.
LaTeX Info: Redefining \Bigg on input line 725.
\big@size=\dimen146
LaTeX Font Info:    Redeclaring font encoding OML on input line 743.
LaTeX Font Info:    Redeclaring font encoding OMS on input line 744.
\macc@depth=\count271
LaTeX Info: Redefining \bmod on input line 905.
LaTeX Info: Redefining \pmod on input line 910.
LaTeX Info: Redefining \smash on input line 940.
LaTeX Info: Redefining \relbar on input line 970.
LaTeX Info: Redefining \Relbar on input line 971.
\c@MaxMatrixCols=\count272
\dotsspace@=\muskip16
\c@parentequation=\count273
\dspbrk@lvl=\count274
\tag@help=\toks25
\row@=\count275
\column@=\count276
\maxfields@=\count277
\andhelp@=\toks26
\eqnshift@=\dimen147
\alignsep@=\dimen148
\tagshift@=\dimen149
\tagwidth@=\dimen150
\totwidth@=\dimen151
\lineht@=\dimen152
\@envbody=\toks27
\multlinegap=\skip57
\multlinetaggap=\skip58
\mathdisplay@stack=\toks28
LaTeX Info: Redefining \[ on input line 2953.
LaTeX Info: Redefining \] on input line 2954.
)
(/opt/homebrew/Cellar/texlive/20230313_2/share/texmf-dist/tex/latex/graphics/gr
aphicx.sty
Package: graphicx 2021/09/16 v1.2d Enhanced LaTeX Graphics (DPC,SPQR)

(/opt/homebrew/Cellar/texlive/20230313_2/share/texmf-dist/tex/latex/graphics/gr
aphics.sty
Package: graphics 2022/03/10 v1.4e Standard LaTeX Graphics (DPC,SPQR)

(/opt/homebrew/Cellar/texlive/20230313_2/share/texmf-dist/tex/latex/graphics/tr
ig.sty
Package: trig 2021/08/11 v1.11 sin cos tan (DPC)
)
(/opt/homebrew/Cellar/texlive/20230313_2/share/texmf-dist/tex/latex/graphics-cf
g/graphics.cfg
File: graphics.cfg 2016/06/04 v1.11 sample graphics configuration
)
Package graphics Info: Driver file: pdftex.def on input line 107.
)
\Gin@req@height=\dimen153
\Gin@req@width=\dimen154
)
(/opt/homebrew/Cellar/texlive/20230313_2/share/texmf-dist/tex/latex/fancyhdr/fa
ncyhdr.sty
Package: fancyhdr 2022/11/09 v4.1 Extensive control of page headers and footers

\f@nch@headwidth=\skip59
\f@nch@O@elh=\skip60
\f@nch@O@erh=\skip61
\f@nch@O@olh=\skip62
\f@nch@O@orh=\skip63
\f@nch@O@elf=\skip64
\f@nch@O@erf=\skip65
\f@nch@O@olf=\skip66
\f@nch@O@orf=\skip67
)
(/opt/homebrew/Cellar/texlive/20230313_2/share/texmf-dist/tex/latex/setspace/se
tspace.sty
Package: setspace 2022/12/04 v6.7b set line spacing
)
(/opt/homebrew/Cellar/texlive/20230313_2/share/texmf-dist/tex/latex/caption/cap
tion.sty
Package: caption 2023/03/12 v3.6j Customizing captions (AR)

(/opt/homebrew/Cellar/texlive/20230313_2/share/texmf-dist/tex/latex/caption/cap
tion3.sty
Package: caption3 2023/03/12 v2.4 caption3 kernel (AR)
\caption@tempdima=\dimen155
\captionmargin=\dimen156
\caption@leftmargin=\dimen157
\caption@rightmargin=\dimen158
\caption@width=\dimen159
\caption@indent=\dimen160
\caption@parindent=\dimen161
\caption@hangindent=\dimen162
Package caption Info: Standard document class detected.
)
\c@caption@flags=\count278
\c@continuedfloat=\count279
)
(/opt/homebrew/Cellar/texlive/20230313_2/share/texmf-dist/tex/latex/lastpage/la
stpage.sty
Package: lastpage 2023/03/07 v2.0a lastpage: 2.09 or 2e? (HMM)

(/opt/homebrew/Cellar/texlive/20230313_2/share/texmf-dist/tex/latex/lastpage/la
stpage2e.sty
Package: lastpage2e 2023/03/07 v2.0a Decide which 2e lastpage version to use (H
MM)

(/opt/homebrew/Cellar/texlive/20230313_2/share/texmf-dist/tex/latex/lastpage/la
stpagemodern.sty
Package: lastpagemodern 2023-03-07 v2.0a Refers to last page's name (HMM; JPG)
) 
))
(/opt/homebrew/Cellar/texlive/20230313_2/share/texmf-dist/tex/latex/xifthen/xif
then.sty
Package: xifthen 2015/11/05 v1.4.0 Extended ifthen features

(/opt/homebrew/Cellar/texlive/20230313_2/share/texmf-dist/tex/latex/tools/calc.
sty
Package: calc 2017/05/25 v4.3 Infix arithmetic (KKT,FJ)
\calc@Acount=\count280
\calc@Bcount=\count281
\calc@Adimen=\dimen163
\calc@Bdimen=\dimen164
\calc@Askip=\skip68
\calc@Bskip=\skip69
LaTeX Info: Redefining \setlength on input line 80.
LaTeX Info: Redefining \addtolength on input line 81.
\calc@Ccount=\count282
\calc@Cskip=\skip70
)
(/opt/homebrew/Cellar/texlive/20230313_2/share/texmf-dist/tex/latex/ifmtarg/ifm
targ.sty
Package: ifmtarg 2018/04/16 v1.2b check for an empty argument
))
(/opt/homebrew/Cellar/texlive/20230313_2/share/texmf-dist/tex/latex/todonotes/t
odonotes.sty
Package: todonotes 2023/01/31 v1.1.6 Todonotes source and documentation.
Package: todonotes 2023/01/31

(/opt/homebrew/Cellar/texlive/20230313_2/share/texmf-dist/tex/latex/pgf/fronten
dlayer/tikz.sty
(/opt/homebrew/Cellar/texlive/20230313_2/share/texmf-dist/tex/latex/pgf/basicla
yer/pgf.sty
(/opt/homebrew/Cellar/texlive/20230313_2/share/texmf-dist/tex/latex/pgf/utiliti
es/pgfrcs.sty
(/opt/homebrew/Cellar/texlive/20230313_2/share/texmf-dist/tex/generic/pgf/utili
ties/pgfutil-common.tex
\pgfutil@everybye=\toks29
\pgfutil@tempdima=\dimen165
\pgfutil@tempdimb=\dimen166
)
(/opt/homebrew/Cellar/texlive/20230313_2/share/texmf-dist/tex/generic/pgf/utili
ties/pgfutil-latex.def
\pgfutil@abb=\box55
)
(/opt/homebrew/Cellar/texlive/20230313_2/share/texmf-dist/tex/generic/pgf/utili
ties/pgfrcs.code.tex
(/opt/homebrew/Cellar/texlive/20230313_2/share/texmf-dist/tex/generic/pgf/pgf.r
evision.tex)
Package: pgfrcs 2023-01-15 v3.1.10 (3.1.10)
))
Package: pgf 2023-01-15 v3.1.10 (3.1.10)

(/opt/homebrew/Cellar/texlive/20230313_2/share/texmf-dist/tex/latex/pgf/basicla
yer/pgfcore.sty
(/opt/homebrew/Cellar/texlive/20230313_2/share/texmf-dist/tex/latex/pgf/systeml
ayer/pgfsys.sty
(/opt/homebrew/Cellar/texlive/20230313_2/share/texmf-dist/tex/generic/pgf/syste
mlayer/pgfsys.code.tex
Package: pgfsys 2023-01-15 v3.1.10 (3.1.10)

(/opt/homebrew/Cellar/texlive/20230313_2/share/texmf-dist/tex/generic/pgf/utili
ties/pgfkeys.code.tex
\pgfkeys@pathtoks=\toks30
\pgfkeys@temptoks=\toks31

(/opt/homebrew/Cellar/texlive/20230313_2/share/texmf-dist/tex/generic/pgf/utili
ties/pgfkeyslibraryfiltered.code.tex
\pgfkeys@tmptoks=\toks32
))
\pgf@x=\dimen167
\pgf@y=\dimen168
\pgf@xa=\dimen169
\pgf@ya=\dimen170
\pgf@xb=\dimen171
\pgf@yb=\dimen172
\pgf@xc=\dimen173
\pgf@yc=\dimen174
\pgf@xd=\dimen175
\pgf@yd=\dimen176
\w@pgf@writea=\write3
\r@pgf@reada=\read3
\c@pgf@counta=\count283
\c@pgf@countb=\count284
\c@pgf@countc=\count285
\c@pgf@countd=\count286
\t@pgf@toka=\toks33
\t@pgf@tokb=\toks34
\t@pgf@tokc=\toks35
\pgf@sys@id@count=\count287

(/opt/homebrew/Cellar/texlive/20230313_2/share/texmf-dist/tex/generic/pgf/syste
mlayer/pgf.cfg
File: pgf.cfg 2023-01-15 v3.1.10 (3.1.10)
)
Driver file for pgf: pgfsys-pdftex.def

(/opt/homebrew/Cellar/texlive/20230313_2/share/texmf-dist/tex/generic/pgf/syste
mlayer/pgfsys-pdftex.def
File: pgfsys-pdftex.def 2023-01-15 v3.1.10 (3.1.10)

(/opt/homebrew/Cellar/texlive/20230313_2/share/texmf-dist/tex/generic/pgf/syste
mlayer/pgfsys-common-pdf.def
File: pgfsys-common-pdf.def 2023-01-15 v3.1.10 (3.1.10)
)))
(/opt/homebrew/Cellar/texlive/20230313_2/share/texmf-dist/tex/generic/pgf/syste
mlayer/pgfsyssoftpath.code.tex
File: pgfsyssoftpath.code.tex 2023-01-15 v3.1.10 (3.1.10)
\pgfsyssoftpath@smallbuffer@items=\count288
\pgfsyssoftpath@bigbuffer@items=\count289
)
(/opt/homebrew/Cellar/texlive/20230313_2/share/texmf-dist/tex/generic/pgf/syste
mlayer/pgfsysprotocol.code.tex
File: pgfsysprotocol.code.tex 2023-01-15 v3.1.10 (3.1.10)
))
(/opt/homebrew/Cellar/texlive/20230313_2/share/texmf-dist/tex/generic/pgf/basic
layer/pgfcore.code.tex
Package: pgfcore 2023-01-15 v3.1.10 (3.1.10)

(/opt/homebrew/Cellar/texlive/20230313_2/share/texmf-dist/tex/generic/pgf/math/
pgfmath.code.tex
(/opt/homebrew/Cellar/texlive/20230313_2/share/texmf-dist/tex/generic/pgf/math/
pgfmathutil.code.tex)
(/opt/homebrew/Cellar/texlive/20230313_2/share/texmf-dist/tex/generic/pgf/math/
pgfmathparser.code.tex
\pgfmath@dimen=\dimen177
\pgfmath@count=\count290
\pgfmath@box=\box56
\pgfmath@toks=\toks36
\pgfmath@stack@operand=\toks37
\pgfmath@stack@operation=\toks38
)
(/opt/homebrew/Cellar/texlive/20230313_2/share/texmf-dist/tex/generic/pgf/math/
pgfmathfunctions.code.tex)
(/opt/homebrew/Cellar/texlive/20230313_2/share/texmf-dist/tex/generic/pgf/math/
pgfmathfunctions.basic.code.tex)
(/opt/homebrew/Cellar/texlive/20230313_2/share/texmf-dist/tex/generic/pgf/math/
pgfmathfunctions.trigonometric.code.tex)
(/opt/homebrew/Cellar/texlive/20230313_2/share/texmf-dist/tex/generic/pgf/math/
pgfmathfunctions.random.code.tex)
(/opt/homebrew/Cellar/texlive/20230313_2/share/texmf-dist/tex/generic/pgf/math/
pgfmathfunctions.comparison.code.tex)
(/opt/homebrew/Cellar/texlive/20230313_2/share/texmf-dist/tex/generic/pgf/math/
pgfmathfunctions.base.code.tex)
(/opt/homebrew/Cellar/texlive/20230313_2/share/texmf-dist/tex/generic/pgf/math/
pgfmathfunctions.round.code.tex)
(/opt/homebrew/Cellar/texlive/20230313_2/share/texmf-dist/tex/generic/pgf/math/
pgfmathfunctions.misc.code.tex)
(/opt/homebrew/Cellar/texlive/20230313_2/share/texmf-dist/tex/generic/pgf/math/
pgfmathfunctions.integerarithmetics.code.tex)
(/opt/homebrew/Cellar/texlive/20230313_2/share/texmf-dist/tex/generic/pgf/math/
pgfmathcalc.code.tex)
(/opt/homebrew/Cellar/texlive/20230313_2/share/texmf-dist/tex/generic/pgf/math/
pgfmathfloat.code.tex
\c@pgfmathroundto@lastzeros=\count291
))
(/opt/homebrew/Cellar/texlive/20230313_2/share/texmf-dist/tex/generic/pgf/math/
pgfint.code.tex)
(/opt/homebrew/Cellar/texlive/20230313_2/share/texmf-dist/tex/generic/pgf/basic
layer/pgfcorepoints.code.tex
File: pgfcorepoints.code.tex 2023-01-15 v3.1.10 (3.1.10)
\pgf@picminx=\dimen178
\pgf@picmaxx=\dimen179
\pgf@picminy=\dimen180
\pgf@picmaxy=\dimen181
\pgf@pathminx=\dimen182
\pgf@pathmaxx=\dimen183
\pgf@pathminy=\dimen184
\pgf@pathmaxy=\dimen185
\pgf@xx=\dimen186
\pgf@xy=\dimen187
\pgf@yx=\dimen188
\pgf@yy=\dimen189
\pgf@zx=\dimen190
\pgf@zy=\dimen191
)
(/opt/homebrew/Cellar/texlive/20230313_2/share/texmf-dist/tex/generic/pgf/basic
layer/pgfcorepathconstruct.code.tex
File: pgfcorepathconstruct.code.tex 2023-01-15 v3.1.10 (3.1.10)
\pgf@path@lastx=\dimen192
\pgf@path@lasty=\dimen193
)
(/opt/homebrew/Cellar/texlive/20230313_2/share/texmf-dist/tex/generic/pgf/basic
layer/pgfcorepathusage.code.tex
File: pgfcorepathusage.code.tex 2023-01-15 v3.1.10 (3.1.10)
\pgf@shorten@end@additional=\dimen194
\pgf@shorten@start@additional=\dimen195
)
(/opt/homebrew/Cellar/texlive/20230313_2/share/texmf-dist/tex/generic/pgf/basic
layer/pgfcorescopes.code.tex
File: pgfcorescopes.code.tex 2023-01-15 v3.1.10 (3.1.10)
\pgfpic=\box57
\pgf@hbox=\box58
\pgf@layerbox@main=\box59
\pgf@picture@serial@count=\count292
)
(/opt/homebrew/Cellar/texlive/20230313_2/share/texmf-dist/tex/generic/pgf/basic
layer/pgfcoregraphicstate.code.tex
File: pgfcoregraphicstate.code.tex 2023-01-15 v3.1.10 (3.1.10)
\pgflinewidth=\dimen196
)
(/opt/homebrew/Cellar/texlive/20230313_2/share/texmf-dist/tex/generic/pgf/basic
layer/pgfcoretransformations.code.tex
File: pgfcoretransformations.code.tex 2023-01-15 v3.1.10 (3.1.10)
\pgf@pt@x=\dimen197
\pgf@pt@y=\dimen198
\pgf@pt@temp=\dimen199
)
(/opt/homebrew/Cellar/texlive/20230313_2/share/texmf-dist/tex/generic/pgf/basic
layer/pgfcorequick.code.tex
File: pgfcorequick.code.tex 2023-01-15 v3.1.10 (3.1.10)
)
(/opt/homebrew/Cellar/texlive/20230313_2/share/texmf-dist/tex/generic/pgf/basic
layer/pgfcoreobjects.code.tex
File: pgfcoreobjects.code.tex 2023-01-15 v3.1.10 (3.1.10)
)
(/opt/homebrew/Cellar/texlive/20230313_2/share/texmf-dist/tex/generic/pgf/basic
layer/pgfcorepathprocessing.code.tex
File: pgfcorepathprocessing.code.tex 2023-01-15 v3.1.10 (3.1.10)
)
(/opt/homebrew/Cellar/texlive/20230313_2/share/texmf-dist/tex/generic/pgf/basic
layer/pgfcorearrows.code.tex
File: pgfcorearrows.code.tex 2023-01-15 v3.1.10 (3.1.10)
\pgfarrowsep=\dimen256
)
(/opt/homebrew/Cellar/texlive/20230313_2/share/texmf-dist/tex/generic/pgf/basic
layer/pgfcoreshade.code.tex
File: pgfcoreshade.code.tex 2023-01-15 v3.1.10 (3.1.10)
\pgf@max=\dimen257
\pgf@sys@shading@range@num=\count293
\pgf@shadingcount=\count294
)
(/opt/homebrew/Cellar/texlive/20230313_2/share/texmf-dist/tex/generic/pgf/basic
layer/pgfcoreimage.code.tex
File: pgfcoreimage.code.tex 2023-01-15 v3.1.10 (3.1.10)
)
(/opt/homebrew/Cellar/texlive/20230313_2/share/texmf-dist/tex/generic/pgf/basic
layer/pgfcoreexternal.code.tex
File: pgfcoreexternal.code.tex 2023-01-15 v3.1.10 (3.1.10)
\pgfexternal@startupbox=\box60
)
(/opt/homebrew/Cellar/texlive/20230313_2/share/texmf-dist/tex/generic/pgf/basic
layer/pgfcorelayers.code.tex
File: pgfcorelayers.code.tex 2023-01-15 v3.1.10 (3.1.10)
)
(/opt/homebrew/Cellar/texlive/20230313_2/share/texmf-dist/tex/generic/pgf/basic
layer/pgfcoretransparency.code.tex
File: pgfcoretransparency.code.tex 2023-01-15 v3.1.10 (3.1.10)
)
(/opt/homebrew/Cellar/texlive/20230313_2/share/texmf-dist/tex/generic/pgf/basic
layer/pgfcorepatterns.code.tex
File: pgfcorepatterns.code.tex 2023-01-15 v3.1.10 (3.1.10)
)
(/opt/homebrew/Cellar/texlive/20230313_2/share/texmf-dist/tex/generic/pgf/basic
layer/pgfcorerdf.code.tex
File: pgfcorerdf.code.tex 2023-01-15 v3.1.10 (3.1.10)
)))
(/opt/homebrew/Cellar/texlive/20230313_2/share/texmf-dist/tex/generic/pgf/modul
es/pgfmoduleshapes.code.tex
File: pgfmoduleshapes.code.tex 2023-01-15 v3.1.10 (3.1.10)
\pgfnodeparttextbox=\box61
)
(/opt/homebrew/Cellar/texlive/20230313_2/share/texmf-dist/tex/generic/pgf/modul
es/pgfmoduleplot.code.tex
File: pgfmoduleplot.code.tex 2023-01-15 v3.1.10 (3.1.10)
)
(/opt/homebrew/Cellar/texlive/20230313_2/share/texmf-dist/tex/latex/pgf/compati
bility/pgfcomp-version-0-65.sty
Package: pgfcomp-version-0-65 2023-01-15 v3.1.10 (3.1.10)
\pgf@nodesepstart=\dimen258
\pgf@nodesepend=\dimen259
)
(/opt/homebrew/Cellar/texlive/20230313_2/share/texmf-dist/tex/latex/pgf/compati
bility/pgfcomp-version-1-18.sty
Package: pgfcomp-version-1-18 2023-01-15 v3.1.10 (3.1.10)
))
(/opt/homebrew/Cellar/texlive/20230313_2/share/texmf-dist/tex/latex/pgf/utiliti
es/pgffor.sty
(/opt/homebrew/Cellar/texlive/20230313_2/share/texmf-dist/tex/latex/pgf/utiliti
es/pgfkeys.sty
(/opt/homebrew/Cellar/texlive/20230313_2/share/texmf-dist/tex/generic/pgf/utili
ties/pgfkeys.code.tex))
(/opt/homebrew/Cellar/texlive/20230313_2/share/texmf-dist/tex/latex/pgf/math/pg
fmath.sty
(/opt/homebrew/Cellar/texlive/20230313_2/share/texmf-dist/tex/generic/pgf/math/
pgfmath.code.tex))
(/opt/homebrew/Cellar/texlive/20230313_2/share/texmf-dist/tex/generic/pgf/utili
ties/pgffor.code.tex
Package: pgffor 2023-01-15 v3.1.10 (3.1.10)
\pgffor@iter=\dimen260
\pgffor@skip=\dimen261
\pgffor@stack=\toks39
\pgffor@toks=\toks40
))
(/opt/homebrew/Cellar/texlive/20230313_2/share/texmf-dist/tex/generic/pgf/front
endlayer/tikz/tikz.code.tex
Package: tikz 2023-01-15 v3.1.10 (3.1.10)

(/opt/homebrew/Cellar/texlive/20230313_2/share/texmf-dist/tex/generic/pgf/libra
ries/pgflibraryplothandlers.code.tex
File: pgflibraryplothandlers.code.tex 2023-01-15 v3.1.10 (3.1.10)
\pgf@plot@mark@count=\count295
\pgfplotmarksize=\dimen262
)
\tikz@lastx=\dimen263
\tikz@lasty=\dimen264
\tikz@lastxsaved=\dimen265
\tikz@lastysaved=\dimen266
\tikz@lastmovetox=\dimen267
\tikz@lastmovetoy=\dimen268
\tikzleveldistance=\dimen269
\tikzsiblingdistance=\dimen270
\tikz@figbox=\box62
\tikz@figbox@bg=\box63
\tikz@tempbox=\box64
\tikz@tempbox@bg=\box65
\tikztreelevel=\count296
\tikznumberofchildren=\count297
\tikznumberofcurrentchild=\count298
\tikz@fig@count=\count299

(/opt/homebrew/Cellar/texlive/20230313_2/share/texmf-dist/tex/generic/pgf/modul
es/pgfmodulematrix.code.tex
File: pgfmodulematrix.code.tex 2023-01-15 v3.1.10 (3.1.10)
\pgfmatrixcurrentrow=\count300
\pgfmatrixcurrentcolumn=\count301
\pgf@matrix@numberofcolumns=\count302
)
\tikz@expandcount=\count303

(/opt/homebrew/Cellar/texlive/20230313_2/share/texmf-dist/tex/generic/pgf/front
endlayer/tikz/libraries/tikzlibrarytopaths.code.tex
File: tikzlibrarytopaths.code.tex 2023-01-15 v3.1.10 (3.1.10)
)))
(/opt/homebrew/Cellar/texlive/20230313_2/share/texmf-dist/tex/generic/pgf/front
endlayer/tikz/libraries/tikzlibrarypositioning.code.tex
File: tikzlibrarypositioning.code.tex 2023-01-15 v3.1.10 (3.1.10)
)
\c@@todonotes@numberoftodonotes=\count304
)
(/opt/homebrew/Cellar/texlive/20230313_2/share/texmf-dist/tex/latex/geometry/ge
ometry.sty
Package: geometry 2020/01/02 v5.9 Page Geometry

(/opt/homebrew/Cellar/texlive/20230313_2/share/texmf-dist/tex/generic/iftex/ifv
tex.sty
Package: ifvtex 2019/10/25 v1.7 ifvtex legacy package. Use iftex instead.

(/opt/homebrew/Cellar/texlive/20230313_2/share/texmf-dist/tex/generic/iftex/ift
ex.sty
Package: iftex 2022/02/03 v1.0f TeX engine tests
))
\Gm@cnth=\count305
\Gm@cntv=\count306
\c@Gm@tempcnt=\count307
\Gm@bindingoffset=\dimen271
\Gm@wd@mp=\dimen272
\Gm@odd@mp=\dimen273
\Gm@even@mp=\dimen274
\Gm@layoutwidth=\dimen275
\Gm@layoutheight=\dimen276
\Gm@layouthoffset=\dimen277
\Gm@layoutvoffset=\dimen278
\Gm@dimlist=\toks41
)
(/opt/homebrew/Cellar/texlive/20230313_2/share/texmf-dist/tex/latex/titlesec/ti
tlesec.sty
Package: titlesec 2021/07/05 v2.14 Sectioning titles
\ttl@box=\box66
\beforetitleunit=\skip71
\aftertitleunit=\skip72
\ttl@plus=\dimen279
\ttl@minus=\dimen280
\ttl@toksa=\toks42
\titlewidth=\dimen281
\titlewidthlast=\dimen282
\titlewidthfirst=\dimen283
))
(/opt/homebrew/Cellar/texlive/20230313_2/share/texmf-dist/tex/latex/float/float
.sty
Package: float 2001/11/08 v1.3d Float enhancements (AL)
\c@float@type=\count308
\float@exts=\toks43
\float@box=\box67
\@float@everytoks=\toks44
\@floatcapt=\box68
)
(/opt/homebrew/Cellar/texlive/20230313_2/share/texmf-dist/tex/latex/hyperref/hy
perref.sty
Package: hyperref 2023-02-07 v7.00v Hypertext links for LaTeX

(/opt/homebrew/Cellar/texlive/20230313_2/share/texmf-dist/tex/generic/ltxcmds/l
txcmds.sty
Package: ltxcmds 2020-05-10 v1.25 LaTeX kernel commands for general use (HO)
)
(/opt/homebrew/Cellar/texlive/20230313_2/share/texmf-dist/tex/generic/pdftexcmd
s/pdftexcmds.sty
Package: pdftexcmds 2020-06-27 v0.33 Utility functions of pdfTeX for LuaTeX (HO
)

(/opt/homebrew/Cellar/texlive/20230313_2/share/texmf-dist/tex/generic/infwarerr
/infwarerr.sty
Package: infwarerr 2019/12/03 v1.5 Providing info/warning/error messages (HO)
)
Package pdftexcmds Info: \pdf@primitive is available.
Package pdftexcmds Info: \pdf@ifprimitive is available.
Package pdftexcmds Info: \pdfdraftmode found.
)
(/opt/homebrew/Cellar/texlive/20230313_2/share/texmf-dist/tex/latex/kvsetkeys/k
vsetkeys.sty
Package: kvsetkeys 2022-10-05 v1.19 Key value parser (HO)
)
(/opt/homebrew/Cellar/texlive/20230313_2/share/texmf-dist/tex/generic/kvdefinek
eys/kvdefinekeys.sty
Package: kvdefinekeys 2019-12-19 v1.6 Define keys (HO)
)
(/opt/homebrew/Cellar/texlive/20230313_2/share/texmf-dist/tex/generic/pdfescape
/pdfescape.sty
Package: pdfescape 2019/12/09 v1.15 Implements pdfTeX's escape features (HO)
)
(/opt/homebrew/Cellar/texlive/20230313_2/share/texmf-dist/tex/latex/hycolor/hyc
olor.sty
Package: hycolor 2020-01-27 v1.10 Color options for hyperref/bookmark (HO)
)
(/opt/homebrew/Cellar/texlive/20230313_2/share/texmf-dist/tex/latex/letltxmacro
/letltxmacro.sty
Package: letltxmacro 2019/12/03 v1.6 Let assignment for LaTeX macros (HO)
)
(/opt/homebrew/Cellar/texlive/20230313_2/share/texmf-dist/tex/latex/auxhook/aux
hook.sty
Package: auxhook 2019-12-17 v1.6 Hooks for auxiliary files (HO)
)
(/opt/homebrew/Cellar/texlive/20230313_2/share/texmf-dist/tex/latex/hyperref/na
meref.sty
Package: nameref 2022-05-17 v2.50 Cross-referencing by name of section

(/opt/homebrew/Cellar/texlive/20230313_2/share/texmf-dist/tex/latex/refcount/re
fcount.sty
Package: refcount 2019/12/15 v3.6 Data extraction from label references (HO)
)
(/opt/homebrew/Cellar/texlive/20230313_2/share/texmf-dist/tex/generic/gettitles
tring/gettitlestring.sty
Package: gettitlestring 2019/12/15 v1.6 Cleanup title references (HO)

(/opt/homebrew/Cellar/texlive/20230313_2/share/texmf-dist/tex/latex/kvoptions/k
voptions.sty
Package: kvoptions 2022-06-15 v3.15 Key value format for package options (HO)
))
\c@section@level=\count309
)
\@linkdim=\dimen284
\Hy@linkcounter=\count310
\Hy@pagecounter=\count311

(/opt/homebrew/Cellar/texlive/20230313_2/share/texmf-dist/tex/latex/hyperref/pd
1enc.def
File: pd1enc.def 2023-02-07 v7.00v Hyperref: PDFDocEncoding definition (HO)
Now handling font encoding PD1 ...
... no UTF-8 mapping file for font encoding PD1
)
(/opt/homebrew/Cellar/texlive/20230313_2/share/texmf-dist/tex/generic/intcalc/i
ntcalc.sty
Package: intcalc 2019/12/15 v1.3 Expandable calculations with integers (HO)
)
(/opt/homebrew/Cellar/texlive/20230313_2/share/texmf-dist/tex/generic/etexcmds/
etexcmds.sty
Package: etexcmds 2019/12/15 v1.7 Avoid name clashes with e-TeX commands (HO)
)
\Hy@SavedSpaceFactor=\count312

(/opt/homebrew/Cellar/texlive/20230313_2/share/texmf-dist/tex/latex/hyperref/pu
enc.def
File: puenc.def 2023-02-07 v7.00v Hyperref: PDF Unicode definition (HO)
Now handling font encoding PU ...
... no UTF-8 mapping file for font encoding PU
)
Package hyperref Info: Hyper figures OFF on input line 4177.
Package hyperref Info: Link nesting OFF on input line 4182.
Package hyperref Info: Hyper index ON on input line 4185.
Package hyperref Info: Plain pages OFF on input line 4192.
Package hyperref Info: Backreferencing OFF on input line 4197.
Package hyperref Info: Implicit mode ON; LaTeX internals redefined.
Package hyperref Info: Bookmarks ON on input line 4425.
\c@Hy@tempcnt=\count313

(/opt/homebrew/Cellar/texlive/20230313_2/share/texmf-dist/tex/latex/url/url.sty
\Urlmuskip=\muskip17
Package: url 2013/09/16  ver 3.4  Verb mode for urls, etc.
)
LaTeX Info: Redefining \url on input line 4763.
\XeTeXLinkMargin=\dimen285

(/opt/homebrew/Cellar/texlive/20230313_2/share/texmf-dist/tex/generic/bitset/bi
tset.sty
Package: bitset 2019/12/09 v1.3 Handle bit-vector datatype (HO)

(/opt/homebrew/Cellar/texlive/20230313_2/share/texmf-dist/tex/generic/bigintcal
c/bigintcalc.sty
Package: bigintcalc 2019/12/15 v1.5 Expandable calculations on big integers (HO
)
))
\Fld@menulength=\count314
\Field@Width=\dimen286
\Fld@charsize=\dimen287
Package hyperref Info: Hyper figures OFF on input line 6042.
Package hyperref Info: Link nesting OFF on input line 6047.
Package hyperref Info: Hyper index ON on input line 6050.
Package hyperref Info: backreferencing OFF on input line 6057.
Package hyperref Info: Link coloring OFF on input line 6062.
Package hyperref Info: Link coloring with OCG OFF on input line 6067.
Package hyperref Info: PDF/A mode OFF on input line 6072.

(/opt/homebrew/Cellar/texlive/20230313_2/share/texmf-dist/tex/latex/base/atbegs
hi-ltx.sty
Package: atbegshi-ltx 2021/01/10 v1.0c Emulation of the original atbegshi
package with kernel methods
)
\Hy@abspage=\count315
\c@Item=\count316
\c@Hfootnote=\count317
)
Package hyperref Info: Driver (autodetected): hpdftex.

(/opt/homebrew/Cellar/texlive/20230313_2/share/texmf-dist/tex/latex/hyperref/hp
dftex.def
File: hpdftex.def 2023-02-07 v7.00v Hyperref driver for pdfTeX

(/opt/homebrew/Cellar/texlive/20230313_2/share/texmf-dist/tex/latex/base/atvery
end-ltx.sty
Package: atveryend-ltx 2020/08/19 v1.0a Emulation of the original atveryend pac
kage
with kernel methods
)
\Fld@listcount=\count318
\c@bookmark@seq@number=\count319

(/opt/homebrew/Cellar/texlive/20230313_2/share/texmf-dist/tex/latex/rerunfilech
eck/rerunfilecheck.sty
Package: rerunfilecheck 2022-07-10 v1.10 Rerun checks for auxiliary files (HO)

(/opt/homebrew/Cellar/texlive/20230313_2/share/texmf-dist/tex/generic/uniquecou
nter/uniquecounter.sty
Package: uniquecounter 2019/12/15 v1.4 Provide unlimited unique counter (HO)
)
Package uniquecounter Info: New unique counter `rerunfilecheck' on input line 2
85.
)
\Hy@SectionHShift=\skip73
)
(/opt/homebrew/Cellar/texlive/20230313_2/share/texmf-dist/tex/latex/booktabs/bo
oktabs.sty
Package: booktabs 2020/01/12 v1.61803398 Publication quality tables
\heavyrulewidth=\dimen288
\lightrulewidth=\dimen289
\cmidrulewidth=\dimen290
\belowrulesep=\dimen291
\belowbottomsep=\dimen292
\aboverulesep=\dimen293
\abovetopsep=\dimen294
\cmidrulesep=\dimen295
\cmidrulekern=\dimen296
\defaultaddspace=\dimen297
\@cmidla=\count320
\@cmidlb=\count321
\@aboverulesep=\dimen298
\@belowrulesep=\dimen299
\@thisruleclass=\count322
\@lastruleclass=\count323
\@thisrulewidth=\dimen300
)
(/opt/homebrew/Cellar/texlive/20230313_2/share/texmf-dist/tex/latex/tools/longt
able.sty
Package: longtable 2021-09-01 v4.17 Multi-page Table package (DPC)
\LTleft=\skip74
\LTright=\skip75
\LTpre=\skip76
\LTpost=\skip77
\LTchunksize=\count324
\LTcapwidth=\dimen301
\LT@head=\box69
\LT@firsthead=\box70
\LT@foot=\box71
\LT@lastfoot=\box72
\LT@gbox=\box73
\LT@cols=\count325
\LT@rows=\count326
\c@LT@tables=\count327
\c@LT@chunks=\count328
\LT@p@ftn=\toks45
)
(/opt/homebrew/Cellar/texlive/20230313_2/share/texmf-dist/tex/latex/natbib/natb
ib.sty
Package: natbib 2010/09/13 8.31b (PWD, AO)
\bibhang=\skip78
\bibsep=\skip79
LaTeX Info: Redefining \cite on input line 694.
\c@NAT@ctr=\count329
)
(/opt/homebrew/Cellar/texlive/20230313_2/share/texmf-dist/tex/latex/l3backend/l
3backend-pdftex.def
File: l3backend-pdftex.def 2023-01-16 L3 backend support: PDF output (pdfTeX)
\l__color_backend_stack_int=\count330
\l__pdf_internal_box=\box74
)
No file manuscript.aux.
\openout1 = `manuscript.aux'.

LaTeX Font Info:    Checking defaults for OML/cmm/m/it on input line 23.
LaTeX Font Info:    ... okay on input line 23.
LaTeX Font Info:    Checking defaults for OMS/cmsy/m/n on input line 23.
LaTeX Font Info:    ... okay on input line 23.
LaTeX Font Info:    Checking defaults for OT1/cmr/m/n on input line 23.
LaTeX Font Info:    ... okay on input line 23.
LaTeX Font Info:    Checking defaults for T1/cmr/m/n on input line 23.
LaTeX Font Info:    ... okay on input line 23.
LaTeX Font Info:    Checking defaults for TS1/cmr/m/n on input line 23.
LaTeX Font Info:    ... okay on input line 23.
LaTeX Font Info:    Checking defaults for OMX/cmex/m/n on input line 23.
LaTeX Font Info:    ... okay on input line 23.
LaTeX Font Info:    Checking defaults for U/cmr/m/n on input line 23.
LaTeX Font Info:    ... okay on input line 23.
LaTeX Font Info:    Checking defaults for MDA/cmr/m/n on input line 23.
LaTeX Font Info:    Trying to load font information for MDA+cmr on input line 2
3.

(/opt/homebrew/Cellar/texlive/20230313_2/share/texmf-dist/tex/latex/mathdesign/
mdacmr.fd
File: mdacmr.fd 
)
LaTeX Font Info:    ... okay on input line 23.
LaTeX Font Info:    Checking defaults for MDB/cmr/m/n on input line 23.
LaTeX Font Info:    Trying to load font information for MDB+cmr on input line 2
3.

(/opt/homebrew/Cellar/texlive/20230313_2/share/texmf-dist/tex/latex/mathdesign/
mdbcmr.fd
File: mdbcmr.fd 
)
LaTeX Font Info:    ... okay on input line 23.
LaTeX Font Info:    Checking defaults for PD1/pdf/m/n on input line 23.
LaTeX Font Info:    ... okay on input line 23.
LaTeX Font Info:    Checking defaults for PU/pdf/m/n on input line 23.
LaTeX Font Info:    ... okay on input line 23.

(/opt/homebrew/Cellar/texlive/20230313_2/share/texmf-dist/tex/context/base/mkii
/supp-pdf.mkii
[Loading MPS to PDF converter (version 2006.09.02).]
\scratchcounter=\count331
\scratchdimen=\dimen302
\scratchbox=\box75
\nofMPsegments=\count332
\nofMParguments=\count333
\everyMPshowfont=\toks46
\MPscratchCnt=\count334
\MPscratchDim=\dimen303
\MPnumerator=\count335
\makeMPintoPDFobject=\count336
\everyMPtoPDFconversion=\toks47
)
(/opt/homebrew/Cellar/texlive/20230313_2/share/texmf-dist/tex/latex/epstopdf-pk
g/epstopdf-base.sty
Package: epstopdf-base 2020-01-24 v2.11 Base part for package epstopdf

(/opt/homebrew/Cellar/texlive/20230313_2/share/texmf-dist/tex/latex/grfext/grfe
xt.sty
Package: grfext 2019/12/03 v1.3 Manage graphics extensions (HO)
)
Package epstopdf-base Info: Redefining graphics rule for `.eps' on input line 4
85.
Package grfext Info: Graphics extension search list:
(grfext)             [.pdf,.png,.jpg,.mps,.jpeg,.jbig2,.jb2,.PDF,.PNG,.JPG,.JPE
G,.JBIG2,.JB2,.eps]
(grfext)             \AppendGraphicsExtensions on input line 504.

(/opt/homebrew/Cellar/texlive/20230313_2/share/texmf-dist/tex/latex/latexconfig
/epstopdf-sys.cfg
File: epstopdf-sys.cfg 2010/07/13 v1.3 Configuration of (r)epstopdf for TeX Liv
e
))
Package caption Info: Begin \AtBeginDocument code.
Package caption Info: float package is loaded.
Package caption Info: hyperref package is loaded.
Package caption Info: longtable package is loaded.

(/opt/homebrew/Cellar/texlive/20230313_2/share/texmf-dist/tex/latex/caption/ltc
aption.sty
Package: ltcaption 2021/01/08 v1.4c longtable captions (AR)
)
Package caption Info: End \AtBeginDocument code.

Package todonotes Warning: The length marginparwidth is less than 2cm and will 
most likely cause issues with the appearance of inserted todonotes. The issue c
an be solved by adding a line like \setlength {\marginparwidth }{2cm} prior to 
loading the todonotes package. on input line 23.

*geometry* driver: auto-detecting
*geometry* detected driver: pdftex
*geometry* verbose mode - [ preamble ] result:
* driver: pdftex
* paper: a4paper
* layout: <same size as paper>
* layoutoffset:(h,v)=(0.0pt,0.0pt)
* modes: 
* h-part:(L,W,R)=(51.21504pt, 495.07779pt, 51.21504pt)
* v-part:(T,H,B)=(62.59596pt, 719.85492pt, 62.59596pt)
* \paperwidth=597.50787pt
* \paperheight=845.04684pt
* \textwidth=495.07779pt
* \textheight=719.85492pt
* \oddsidemargin=-21.05495pt
* \evensidemargin=-21.05495pt
* \topmargin=-46.67403pt
* \headheight=16.5pt
* \headsep=25.0pt
* \topskip=10.0pt
* \footskip=30.0pt
* \marginparwidth=4.0pt
* \marginparsep=10.0pt
* \columnsep=18.06749pt
* \skip\footins=9.0pt plus 4.0pt minus 2.0pt
* \hoffset=0.0pt
* \voffset=0.0pt
* \mag=1000
* \@twocolumntrue
* \@twosidefalse
* \@mparswitchfalse
* \@reversemarginfalse
* (1in=72.27pt=25.4mm, 1cm=28.453pt)

Package hyperref Info: Link coloring OFF on input line 23.
\@outlinefile=\write4
\openout4 = `manuscript.out'.

LaTeX Font Info:    Font shape `OT1/phv/b/n' will be
(Font)              scaled to size 17.65991pt on input line 46.
LaTeX Font Info:    Font shape `OT1/phv/b/n' will be
(Font)              scaled to size 7.94696pt on input line 46.
LaTeX Font Info:    Font shape `OT1/phv/b/n' will be
(Font)              scaled to size 14.12793pt on input line 46.
LaTeX Font Info:    Calculating math sizes for size <16> on input line 46.
LaTeX Font Info:    Trying to load font information for OT1+mdbch on input line
 46.

(/opt/homebrew/Cellar/texlive/20230313_2/share/texmf-dist/tex/latex/mathdesign/
mdbch/ot1mdbch.fd
File: ot1mdbch.fd 2013/08/29 Fontinst v1.933 font definitions for OT1/mdbch.
)
LaTeX Font Info:    Font shape `OT1/mdbch/m/n' will be
(Font)              scaled to size 15.3601pt on input line 46.
LaTeX Font Info:    Font shape `OT1/mdbch/m/n' will be
(Font)              scaled to size 10.75201pt on input line 46.
LaTeX Font Info:    Font shape `OT1/mdbch/m/n' will be
(Font)              scaled to size 7.68005pt on input line 46.
LaTeX Font Info:    Trying to load font information for OML+mdbch on input line
 46.

(/opt/homebrew/Cellar/texlive/20230313_2/share/texmf-dist/tex/latex/mathdesign/
mdbch/omlmdbch.fd
File: omlmdbch.fd 2013/08/29 Fontinst v1.933 font definitions for OML/mdbch.
)
LaTeX Font Info:    Font shape `OML/mdbch/m/it' will be
(Font)              scaled to size 15.3601pt on input line 46.
LaTeX Font Info:    Font shape `OML/mdbch/m/it' will be
(Font)              scaled to size 10.75201pt on input line 46.
LaTeX Font Info:    Font shape `OML/mdbch/m/it' will be
(Font)              scaled to size 7.68005pt on input line 46.
LaTeX Font Info:    Trying to load font information for OMS+mdbch on input line
 46.

(/opt/homebrew/Cellar/texlive/20230313_2/share/texmf-dist/tex/latex/mathdesign/
mdbch/omsmdbch.fd
File: omsmdbch.fd 2013/08/29 Fontinst v1.933 font definitions for OMS/mdbch.
)
LaTeX Font Info:    Font shape `OMS/mdbch/m/n' will be
(Font)              scaled to size 15.3601pt on input line 46.
LaTeX Font Info:    Font shape `OMS/mdbch/m/n' will be
(Font)              scaled to size 10.75201pt on input line 46.
LaTeX Font Info:    Font shape `OMS/mdbch/m/n' will be
(Font)              scaled to size 7.68005pt on input line 46.
LaTeX Font Info:    Trying to load font information for OMX+mdbch on input line
 46.

(/opt/homebrew/Cellar/texlive/20230313_2/share/texmf-dist/tex/latex/mathdesign/
mdbch/omxmdbch.fd
File: omxmdbch.fd 2013/08/29 Fontinst v1.933 font definitions for OMX/mdbch.
)
LaTeX Font Info:    Font shape `OMX/mdbch/m/n' will be
(Font)              scaled to size 15.3601pt on input line 46.
LaTeX Font Info:    Font shape `OMX/mdbch/m/n' will be
(Font)              scaled to size 10.75201pt on input line 46.
LaTeX Font Info:    Font shape `OMX/mdbch/m/n' will be
(Font)              scaled to size 7.68005pt on input line 46.
LaTeX Font Info:    Font shape `OML/mdbch/m/n' will be
(Font)              scaled to size 15.3601pt on input line 46.
LaTeX Font Info:    Font shape `OML/mdbch/m/n' will be
(Font)              scaled to size 10.75201pt on input line 46.
LaTeX Font Info:    Font shape `OML/mdbch/m/n' will be
(Font)              scaled to size 7.68005pt on input line 46.
LaTeX Font Info:    Trying to load font information for MDA+mdbch on input line
 46.

(/opt/homebrew/Cellar/texlive/20230313_2/share/texmf-dist/tex/latex/mathdesign/
mdbch/mdamdbch.fd
File: mdamdbch.fd 2013/08/29 Fontinst v1.933 font definitions for MDA/mdbch.
)
LaTeX Font Info:    Font shape `MDA/mdbch/m/n' will be
(Font)              scaled to size 15.3601pt on input line 46.
LaTeX Font Info:    Font shape `MDA/mdbch/m/n' will be
(Font)              scaled to size 10.75201pt on input line 46.
LaTeX Font Info:    Font shape `MDA/mdbch/m/n' will be
(Font)              scaled to size 7.68005pt on input line 46.
LaTeX Font Info:    Trying to load font information for MDB+mdbch on input line
 46.

(/opt/homebrew/Cellar/texlive/20230313_2/share/texmf-dist/tex/latex/mathdesign/
mdbch/mdbmdbch.fd
File: mdbmdbch.fd 2013/08/29 Fontinst v1.933 font definitions for MDB/mdbch.
)
LaTeX Font Info:    Font shape `MDB/mdbch/m/n' will be
(Font)              scaled to size 15.3601pt on input line 46.
LaTeX Font Info:    Font shape `MDB/mdbch/m/n' will be
(Font)              scaled to size 10.75201pt on input line 46.
LaTeX Font Info:    Font shape `MDB/mdbch/m/n' will be
(Font)              scaled to size 7.68005pt on input line 46.
LaTeX Font Info:    Font shape `OT1/phv/b/n' will be
(Font)              scaled to size 9.8895pt on input line 46.
LaTeX Font Info:    Font shape `T1/mdbch/m/n' will be
(Font)              scaled to size 10.75201pt on input line 46.
LaTeX Font Info:    Font shape `OT1/phv/b/n' will be
(Font)              scaled to size 8.82996pt on input line 46.
LaTeX Font Info:    Font shape `OT1/mdbch/m/n' will be
(Font)              scaled to size 9.60007pt on input line 46.
LaTeX Font Info:    Font shape `OT1/mdbch/m/n' will be
(Font)              scaled to size 6.72005pt on input line 46.
LaTeX Font Info:    Font shape `OT1/mdbch/m/n' will be
(Font)              scaled to size 4.80003pt on input line 46.
LaTeX Font Info:    Font shape `OML/mdbch/m/it' will be
(Font)              scaled to size 9.60007pt on input line 46.
LaTeX Font Info:    Font shape `OML/mdbch/m/it' will be
(Font)              scaled to size 6.72005pt on input line 46.
LaTeX Font Info:    Font shape `OML/mdbch/m/it' will be
(Font)              scaled to size 4.80003pt on input line 46.
LaTeX Font Info:    Font shape `OMS/mdbch/m/n' will be
(Font)              scaled to size 9.60007pt on input line 46.
LaTeX Font Info:    Font shape `OMS/mdbch/m/n' will be
(Font)              scaled to size 6.72005pt on input line 46.
LaTeX Font Info:    Font shape `OMS/mdbch/m/n' will be
(Font)              scaled to size 4.80003pt on input line 46.
LaTeX Font Info:    Font shape `OMX/mdbch/m/n' will be
(Font)              scaled to size 9.60007pt on input line 46.
LaTeX Font Info:    Font shape `OMX/mdbch/m/n' will be
(Font)              scaled to size 6.72005pt on input line 46.
LaTeX Font Info:    Font shape `OMX/mdbch/m/n' will be
(Font)              scaled to size 4.80003pt on input line 46.
LaTeX Font Info:    Font shape `OML/mdbch/m/n' will be
(Font)              scaled to size 9.60007pt on input line 46.
LaTeX Font Info:    Font shape `OML/mdbch/m/n' will be
(Font)              scaled to size 6.72005pt on input line 46.
LaTeX Font Info:    Font shape `OML/mdbch/m/n' will be
(Font)              scaled to size 4.80003pt on input line 46.
LaTeX Font Info:    Font shape `MDA/mdbch/m/n' will be
(Font)              scaled to size 9.60007pt on input line 46.
LaTeX Font Info:    Font shape `MDA/mdbch/m/n' will be
(Font)              scaled to size 6.72005pt on input line 46.
LaTeX Font Info:    Font shape `MDA/mdbch/m/n' will be
(Font)              scaled to size 4.80003pt on input line 46.
LaTeX Font Info:    Font shape `MDB/mdbch/m/n' will be
(Font)              scaled to size 9.60007pt on input line 46.
LaTeX Font Info:    Font shape `MDB/mdbch/m/n' will be
(Font)              scaled to size 6.72005pt on input line 46.
LaTeX Font Info:    Font shape `MDB/mdbch/m/n' will be
(Font)              scaled to size 4.80003pt on input line 46.
LaTeX Font Info:    Font shape `OT1/phv/b/n' will be
(Font)              scaled to size 6.18097pt on input line 46.
LaTeX Font Info:    Font shape `T1/mdbch/m/n' will be
(Font)              scaled to size 6.72005pt on input line 46.
LaTeX Font Info:    Font shape `OT1/phv/m/n' will be
(Font)              scaled to size 8.82996pt on input line 52.
LaTeX Font Info:    Font shape `T1/mdbch/b/n' will be
(Font)              scaled to size 9.60007pt on input line 55.
LaTeX Font Info:    Font shape `OT1/cmtt/m/n' will be
(Font)              scaled to size 10.72006pt on input line 61.
LaTeX Font Info:    Font shape `OT1/cmss/m/n' will be
(Font)              scaled to size 10.39001pt on input line 61.

Overfull \hbox (83.29239pt too wide) in paragraph at lines 52--74
[] $[]$ 
 []

LaTeX Font Info:    Font shape `T1/mdbch/m/n' will be
(Font)              scaled to size 13.82408pt on input line 75.
LaTeX Font Info:    Font shape `OT1/phv/b/n' will be
(Font)              scaled to size 12.71512pt on input line 75.
LaTeX Font Info:    Font shape `T1/mdbch/m/fsc' will be
(Font)              scaled to size 9.60007pt on input line 82.
<WellcomeOR_logo_black.pdf, id=7, 275.0275pt x 24.09pt>
File: WellcomeOR_logo_black.pdf Graphic file (type pdf)
<use WellcomeOR_logo_black.pdf>
Package pdftex.def Info: WellcomeOR_logo_black.pdf  used on input line 82.
(pdftex.def)             Requested size: 136.99722pt x 12.0pt.
LaTeX Font Info:    Font shape `T1/mdbch/m/n' will be
(Font)              scaled to size 7.68005pt on input line 82.
LaTeX Font Info:    Font shape `T1/mdbch/b/n' will be
(Font)              scaled to size 7.68005pt on input line 82.

LaTeX Warning: Reference `LastPage' on page 1 undefined on input line 82.

[1{/opt/homebrew/Cellar/texlive/20230313_2/share/texmf-dist/fonts/map/pdftex/up
dmap/pdftex.map}{/opt/homebrew/Cellar/texlive/20230313_2/share/texmf-dist/fonts
/enc/dvips/ly1/texnansi.enc}{/opt/homebrew/Cellar/texlive/20230313_2/share/texm
f-dist/fonts/enc/dvips/base/8r.enc}



 <./WellcomeOR_logo_black.pdf>]

Package natbib Warning: Citation `cramerEvaluationIndividualEnsemble2021' on pa
ge 2 undefined on input line 86.


Package natbib Warning: Citation `venkatramananUtilityHumanJudgment2022' on pag
e 2 undefined on input line 86.


Package natbib Warning: Citation `recchiaHowWellDid2021' on page 2 undefined on
 input line 87.


Package natbib Warning: Citation `mcandrewExpertJudgmentModel2022' on page 2 un
defined on input line 87.


Package natbib Warning: Citation `bosseComparingHumanModelbased2022' on page 2 
undefined on input line 87.


Package natbib Warning: Citation `mcandrewChimericForecastingCombining2022' on 
page 2 undefined on input line 87.


Package natbib Warning: Citation `farrowHumanJudgmentApproach2017' on page 2 un
defined on input line 89.


Package natbib Warning: Citation `bosseComparingHumanModelbased2022' on page 2 
undefined on input line 90.


Package natbib Warning: Citation `mcandrewChimericForecastingCombining2022' on 
page 2 undefined on input line 90.


Package natbib Warning: Citation `farrowHumanJudgmentApproach2017' on page 2 un
defined on input line 90.


Package natbib Warning: Citation `bosseComparingHumanModelbased2022' on page 2 
undefined on input line 90.


Package natbib Warning: Citation `mcandrewChimericForecastingCombining2022' on 
page 2 undefined on input line 90.


Package natbib Warning: Citation `farrowHumanJudgmentApproach2017' on page 2 un
defined on input line 90.


Package natbib Warning: Citation `bosseComparingHumanModelbased2022' on page 2 
undefined on input line 90.


Underfull \hbox (badness 1005) in paragraph at lines 93--94
\T1/mdbch/m/n/10 man judg-ment may be par-tic-u-larly use-ful to pro-vide
 []


Package natbib Warning: Citation `mcandrewChimericForecastingCombining2022' on 
page 2 undefined on input line 95.


Package natbib Warning: Citation `farrowHumanJudgmentApproach2017' on page 2 un
defined on input line 95.


Package natbib Warning: Citation `bosseComparingHumanModelbased2022' on page 2 
undefined on input line 95.


Package natbib Warning: Citation `swallowChallengesEstimationUncertainty2022' o
n page 2 undefined on input line 95.


Package natbib Warning: Citation `bosseComparingHumanModelbased2022' on page 2 
undefined on input line 95.


Underfull \vbox (badness 1400) has occurred while \output is active []


Package natbib Warning: Citation `bosseComparingHumanModelbased2022' on page 2 
undefined on input line 97.


Package natbib Warning: Citation `cramerEvaluationIndividualEnsemble2021' on pa
ge 2 undefined on input line 97.


Package natbib Warning: Citation `bracherShorttermForecastingCOVID192021' on pa
ge 2 undefined on input line 97.


Package natbib Warning: Citation `bracherNationalSubnationalShortterm2022' on p
age 2 undefined on input line 97.


Package natbib Warning: Citation `sherrattPredictivePerformanceMultimodel2022' 
on page 2 undefined on input line 97.


Package natbib Warning: Citation `bosseComparingHumanModelbased2022' on page 2 
undefined on input line 97.


Package natbib Warning: Citation `bosseComparingHumanModelbased2022' on page 2 
undefined on input line 97.

LaTeX Font Info:    Font shape `T1/mdbch/m/n' will be
(Font)              scaled to size 11.52008pt on input line 101.
LaTeX Font Info:    Font shape `OT1/phv/b/n' will be
(Font)              scaled to size 10.59595pt on input line 101.

Package natbib Warning: Citation `sherrattPredictivePerformanceMultimodel2022' 
on page 2 undefined on input line 103.


LaTeX Warning: Reference `fig:num-forecasters' on page 2 undefined on input lin
e 104.

File: WellcomeOR_logo_black.pdf Graphic file (type pdf)
<use WellcomeOR_logo_black.pdf>
Package pdftex.def Info: WellcomeOR_logo_black.pdf  used on input line 105.
(pdftex.def)             Requested size: 136.99722pt x 12.0pt.

LaTeX Warning: Reference `LastPage' on page 2 undefined on input line 105.

[2

]

LaTeX Warning: Reference `fig:plot-data' on page 3 undefined on input line 106.


LaTeX Font Info:    Font shape `T1/cmtt/m/n' will be
(Font)              scaled to size 10.72006pt on input line 106.

Underfull \hbox (badness 1237) in paragraph at lines 106--107
\T1/mdbch/m/n/10 Eu-ro-pean Fore-cast Hub and sourced from the Johns
 []


Underfull \hbox (badness 1430) in paragraph at lines 106--107
\T1/mdbch/m/n/10 Hub if in sub-se-quent up-dates data was changed by
 []


Underfull \hbox (badness 1097) in paragraph at lines 106--107
\T1/mdbch/m/n/10 with COVID-19 on the death cer-tifi-cate" and re-vised
 []


Underfull \hbox (badness 3907) in paragraph at lines 106--107
\T1/mdbch/m/n/10 2021, which were avail-able through the Eu-ro-pean
 []


Underfull \hbox (badness 2707) in paragraph at lines 106--107
\T1/mdbch/m/n/10 COVID-19 Fore-cast Hub GitHub repos-i-tory ([]$\T1/cmtt/m/n/10
 https :
 []


Underfull \hbox (badness 10000) in paragraph at lines 106--107
\T1/cmtt/m/n/10 / / github . com / covid19-[]forecast-[]hub-[]europe /
 []


Package natbib Warning: Citation `bosseComparingHumanModelbased2022' on page 3 
undefined on input line 110.

LaTeX Font Info:    Font shape `T1/cmss/m/n' will be
(Font)              scaled to size 10.39001pt on input line 110.

Package natbib Warning: Citation `R' on page 3 undefined on input line 110.


Package natbib Warning: Citation `shiny' on page 3 undefined on input line 110.



Package natbib Warning: Citation `crowdforecastr' on page 3 undefined on input 
line 110.


Package natbib Warning: Citation `bosseComparingHumanModelbased2022' on page 3 
undefined on input line 114.

LaTeX Font Info:    Font shape `T1/mdbch/m/n' will be
(Font)              scaled to size 4.80003pt on input line 116.

Package natbib Warning: Citation `owidcoronavirus' on page 3 undefined on input
 line 117.


LaTeX Warning: Reference `fig:screenshot-classical' on page 3 undefined on inpu
t line 117.


Package natbib Warning: Citation `epinow2' on page 3 undefined on input line 11
9.


Package natbib Warning: Citation `R' on page 3 undefined on input line 119.


Package natbib Warning: Citation `bosseComparingHumanModelbased2022' on page 3 
undefined on input line 119.


Package natbib Warning: Citation `fraserEstimatingIndividualHousehold2007' on p
age 3 undefined on input line 119.


Package natbib Warning: Citation `bosseComparingHumanModelbased2022' on page 3 
undefined on input line 119.


Package natbib Warning: Citation `sherrattPredictivePerformanceMultimodel2022' 
on page 3 undefined on input line 119.


Package natbib Warning: Citation `abbottEstimatingIncreaseReproduction2021' on 
page 3 undefined on input line 119.


Package natbib Warning: Citation `abbottEstimatingTimevaryingReproduction2020a'
 on page 3 undefined on input line 119.


Package natbib Warning: Citation `sherrattExploringSurveillanceData2021' on pag
e 3 undefined on input line 119.


Package natbib Warning: Citation `sherrattExploringSurveillanceData2021' on pag
e 3 undefined on input line 121.


Package natbib Warning: Citation `abbottEstimatingTimevaryingReproduction2020a'
 on page 3 undefined on input line 121.


Package natbib Warning: Citation `epinow2' on page 3 undefined on input line 12
1.


Package natbib Warning: Citation `bosseComparingHumanModelbased2022' on page 3 
undefined on input line 121.


LaTeX Warning: Reference `fig:screenshot-rt' on page 3 undefined on input line 
125.

File: WellcomeOR_logo_black.pdf Graphic file (type pdf)
<use WellcomeOR_logo_black.pdf>
Package pdftex.def Info: WellcomeOR_logo_black.pdf  used on input line 126.
(pdftex.def)             Requested size: 136.99722pt x 12.0pt.

LaTeX Warning: Reference `LastPage' on page 3 undefined on input line 126.

[3{/opt/homebrew/Cellar/texlive/20230313_2/share/texmf-dist/fonts/enc/dvips/cm-
super/cm-super-t1.enc}]

Package natbib Warning: Citation `bosseComparingHumanModelbased2022' on page 4 
undefined on input line 127.


Package natbib Warning: Citation `rayComparingTrainedUntrained2022' on page 4 u
ndefined on input line 127.


Package natbib Warning: Citation `bosseComparingHumanModelbased2022' on page 4 
undefined on input line 132.


Package natbib Warning: Citation `bosseComparingHumanModelbased2022' on page 4 
undefined on input line 141.


Package natbib Warning: Citation `bracherEvaluatingEpidemicForecasts2021' on pa
ge 4 undefined on input line 142.


Underfull \vbox (badness 5681) has occurred while \output is active []


Package natbib Warning: Citation `bosseTransformationForecastsEvaluating2023' o
n page 4 undefined on input line 144.


Package natbib Warning: Citation `gneitingProbabilisticForecastsCalibration2007
' on page 4 undefined on input line 146.


Package natbib Warning: Citation `cramerEvaluationIndividualEnsemble2021' on pa
ge 4 undefined on input line 148.


Package natbib Warning: Citation `sherrattPredictivePerformanceMultimodel2022' 
on page 4 undefined on input line 148.


Package natbib Warning: Citation `bracherShorttermForecastingCOVID192021' on pa
ge 4 undefined on input line 148.


Package natbib Warning: Citation `bosseEvaluatingForecastsScoringutils2022' on 
page 4 undefined on input line 154.


Underfull \hbox (badness 1975) in paragraph at lines 154--155
\T1/mdbch/m/n/10 ] pack-age in \T1/cmss/m/n/10 R\T1/mdbch/m/n/10 . All code and
 data used for this
 []


Underfull \hbox (badness 2334) in paragraph at lines 154--155
\T1/mdbch/m/n/10 avail-able at []$\T1/cmtt/m/n/10 https : / / github . com / ep
iforecasts /
 []

File: WellcomeOR_logo_black.pdf Graphic file (type pdf)
<use WellcomeOR_logo_black.pdf>
Package pdftex.def Info: WellcomeOR_logo_black.pdf  used on input line 155.
(pdftex.def)             Requested size: 136.99722pt x 12.0pt.

LaTeX Warning: Reference `LastPage' on page 4 undefined on input line 155.

[4]

Package natbib Warning: Citation `bosseComparingHumanModelbased2022' on page 5 
undefined on input line 167.


Package natbib Warning: Citation `bosseComparingHumanModelbased2022' on page 5 
undefined on input line 167.


Package natbib Warning: Citation `bosseComparingHumanModelbased2022' on page 5 
undefined on input line 167.


LaTeX Warning: Reference `fig:num-forecasters' on page 5 undefined on input lin
e 167.


LaTeX Warning: Reference `fig:num-forecasters' on page 5 undefined on input lin
e 167.

(./performance-table.tex

LaTeX Warning: `!h' float specifier changed to `!ht'.

)
<../output/figures/performance.png, id=81, 505.89pt x 433.62pt>
File: ../output/figures/performance.png Graphic file (type png)
<use ../output/figures/performance.png>
Package pdftex.def Info: ../output/figures/performance.png  used on input line 
173.
(pdftex.def)             Requested size: 490.12973pt x 420.12128pt.
<../output/figures/scores-and-forecasts.png, id=82, 650.43pt x 650.43pt>
File: ../output/figures/scores-and-forecasts.png Graphic file (type png)
<use ../output/figures/scores-and-forecasts.png>
Package pdftex.def Info: ../output/figures/scores-and-forecasts.png  used on in
put line 180.
(pdftex.def)             Requested size: 490.12973pt x 490.14369pt.

LaTeX Warning: Reference `fig:performance' on page 5 undefined on input line 18
7.


LaTeX Warning: Reference `tab:scores' on page 5 undefined on input line 188.


LaTeX Warning: Reference `fig:performance' on page 5 undefined on input line 18
8.


Underfull \hbox (badness 2884) in paragraph at lines 187--189
[]\T1/mdbch/m/n/10 All fore-cast-ing ap-proaches ex-hib-ited un-der-dis-per-sio
n
 []


LaTeX Warning: Reference `fig:performance' on page 5 undefined on input line 19
0.


LaTeX Warning: Reference `tab:scores' on page 5 undefined on input line 190.


LaTeX Warning: Reference `fig:forecasts-scores' on page 5 undefined on input li
ne 191.


LaTeX Warning: Reference `fig:performance' on page 5 undefined on input line 19
1.


LaTeX Warning: Reference `fig:performance' on page 5 undefined on input line 19
5.


LaTeX Warning: Reference `tab:scores-4' on page 5 undefined on input line 195.


LaTeX Warning: Reference `fig:performance-ranks' on page 5 undefined on input l
ine 197.


LaTeX Warning: Reference `fig:performance' on page 5 undefined on input line 19
7.


LaTeX Warning: Reference `fig:performance-ranks' on page 5 undefined on input l
ine 197.


LaTeX Warning: Reference `fig:forecasts-scores' on page 5 undefined on input li
ne 199.


Package natbib Warning: Citation `bosseTransformationForecastsEvaluating2023' o
n page 5 undefined on input line 200.


Package natbib Warning: Citation `bracherEvaluatingEpidemicForecasts2021' on pa
ge 5 undefined on input line 200.


LaTeX Warning: Reference `fig:forecasts-scores' on page 5 undefined on input li
ne 200.


LaTeX Warning: Reference `fig:performance' on page 5 undefined on input line 20
0.


LaTeX Warning: Reference `fig:performance' on page 5 undefined on input line 20
0.

<../output/figures/performance-ranks.png, id=84, 505.89pt x 245.718pt>
File: ../output/figures/performance-ranks.png Graphic file (type png)
<use ../output/figures/performance-ranks.png>
Package pdftex.def Info: ../output/figures/performance-ranks.png  used on input
 line 204.
(pdftex.def)             Requested size: 490.12973pt x 238.06871pt.

LaTeX Warning: Reference `fig:performance' on page 5 undefined on input line 21
1.


LaTeX Warning: Reference `fig:forecasts-scores' on page 5 undefined on input li
ne 211.


LaTeX Warning: Reference `fig:performance' on page 5 undefined on input line 21
1.


LaTeX Warning: Reference `tab:scores' on page 5 undefined on input line 211.

File: WellcomeOR_logo_black.pdf Graphic file (type pdf)
<use WellcomeOR_logo_black.pdf>
Package pdftex.def Info: WellcomeOR_logo_black.pdf  used on input line 212.
(pdftex.def)             Requested size: 136.99722pt x 12.0pt.

LaTeX Warning: Reference `LastPage' on page 5 undefined on input line 212.

[5]

LaTeX Warning: Reference `fig:performance' on page 6 undefined on input line 21
3.


LaTeX Warning: Reference `tab:scores' on page 6 undefined on input line 213.


LaTeX Warning: Reference `fig:performance-ranks' on page 6 undefined on input l
ine 216.


LaTeX Warning: Reference `fig:forecasts-scores' on page 6 undefined on input li
ne 218.


Underfull \vbox (badness 2671) has occurred while \output is active []

LaTeX Font Info:    Font shape `OT1/mdbch/m/n' will be
(Font)              scaled to size 11.52008pt on input line 220.
LaTeX Font Info:    Font shape `OT1/mdbch/m/n' will be
(Font)              scaled to size 5.76004pt on input line 220.
LaTeX Font Info:    Font shape `OML/mdbch/m/it' will be
(Font)              scaled to size 11.52008pt on input line 220.
LaTeX Font Info:    Font shape `OML/mdbch/m/it' will be
(Font)              scaled to size 5.76004pt on input line 220.
LaTeX Font Info:    Font shape `OMS/mdbch/m/n' will be
(Font)              scaled to size 11.52008pt on input line 220.
LaTeX Font Info:    Font shape `OMS/mdbch/m/n' will be
(Font)              scaled to size 5.76004pt on input line 220.
LaTeX Font Info:    Font shape `OMX/mdbch/m/n' will be
(Font)              scaled to size 11.52008pt on input line 220.
LaTeX Font Info:    Font shape `OMX/mdbch/m/n' will be
(Font)              scaled to size 5.76004pt on input line 220.
LaTeX Font Info:    Font shape `OML/mdbch/m/n' will be
(Font)              scaled to size 11.52008pt on input line 220.
LaTeX Font Info:    Font shape `OML/mdbch/m/n' will be
(Font)              scaled to size 5.76004pt on input line 220.
LaTeX Font Info:    Font shape `MDA/mdbch/m/n' will be
(Font)              scaled to size 11.52008pt on input line 220.
LaTeX Font Info:    Font shape `MDA/mdbch/m/n' will be
(Font)              scaled to size 5.76004pt on input line 220.
LaTeX Font Info:    Font shape `MDB/mdbch/m/n' will be
(Font)              scaled to size 11.52008pt on input line 220.
LaTeX Font Info:    Font shape `MDB/mdbch/m/n' will be
(Font)              scaled to size 5.76004pt on input line 220.
<../output/figures/comparison-direct-rt-individual.png, id=90, 2107.875pt x 120
4.5pt>
File: ../output/figures/comparison-direct-rt-individual.png Graphic file (type 
png)
<use ../output/figures/comparison-direct-rt-individual.png>
Package pdftex.def Info: ../output/figures/comparison-direct-rt-individual.png 
 used on input line 224.
(pdftex.def)             Requested size: 490.12973pt x 280.06174pt.

LaTeX Warning: Reference `fig:comparison-direct-rt-individual' on page 6 undefi
ned on input line 228.


LaTeX Warning: Reference `fig:forecasts-scores' on page 6 undefined on input li
ne 228.


LaTeX Warning: Reference `fig:comparison-direct-rt-individual' on page 6 undefi
ned on input line 228.


LaTeX Warning: Reference `fig:performance-experts' on page 6 undefined on input
 line 241.


LaTeX Warning: Reference `tab:scores-experts' on page 6 undefined on input line
 241.


LaTeX Warning: Reference `fig:num-forecasters' on page 6 undefined on input lin
e 241.

File: WellcomeOR_logo_black.pdf Graphic file (type pdf)
<use WellcomeOR_logo_black.pdf>
Package pdftex.def Info: WellcomeOR_logo_black.pdf  used on input line 242.
(pdftex.def)             Requested size: 136.99722pt x 12.0pt.

LaTeX Warning: Reference `LastPage' on page 6 undefined on input line 242.

[6]

LaTeX Warning: Reference `fig:performance-experts' on page 7 undefined on input
 line 243.

LaTeX Font Info:    Font shape `T1/mdbch/m/it' will be
(Font)              scaled to size 9.60007pt on input line 243.

LaTeX Warning: Reference `tab:scores-experts' on page 7 undefined on input line
 243.


Underfull \vbox (badness 10000) has occurred while \output is active []


Package natbib Warning: Citation `bosseComparingHumanModelbased2022' on page 7 
undefined on input line 252.

File: WellcomeOR_logo_black.pdf Graphic file (type pdf)
<use WellcomeOR_logo_black.pdf>
Package pdftex.def Info: WellcomeOR_logo_black.pdf  used on input line 253.
(pdftex.def)             Requested size: 136.99722pt x 12.0pt.

LaTeX Warning: Reference `LastPage' on page 7 undefined on input line 253.

[7 <../output/figures/performance.png>]
File: WellcomeOR_logo_black.pdf Graphic file (type pdf)
<use WellcomeOR_logo_black.pdf>
Package pdftex.def Info: WellcomeOR_logo_black.pdf  used on input line 253.
(pdftex.def)             Requested size: 136.99722pt x 12.0pt.

LaTeX Warning: Reference `LastPage' on page 8 undefined on input line 253.

[8 <../output/figures/scores-and-forecasts.png>]
File: WellcomeOR_logo_black.pdf Graphic file (type pdf)
<use WellcomeOR_logo_black.pdf>
Package pdftex.def Info: WellcomeOR_logo_black.pdf  used on input line 253.
(pdftex.def)             Requested size: 136.99722pt x 12.0pt.

LaTeX Warning: Reference `LastPage' on page 9 undefined on input line 253.

[9 <../output/figures/performance-ranks.png> <../output/figures/comparison-dire
ct-rt-individual.png>]

Package natbib Warning: Citation `bosseComparingHumanModelbased2022' on page 10
 undefined on input line 255.


Package natbib Warning: Citation `farrowHumanJudgmentApproach2017' on page 10 u
ndefined on input line 255.


Package natbib Warning: Citation `mcandrewChimericForecastingCombining2022' on 
page 10 undefined on input line 255.


Package natbib Warning: Citation `bosseComparingHumanModelbased2022' on page 10
 undefined on input line 259.


Package natbib Warning: Citation `sherrattPredictivePerformanceMultimodel2022' 
on page 10 undefined on input line 259.


Package natbib Warning: Citation `bosseComparingHumanModelbased2022' on page 10
 undefined on input line 265.


Package natbib Warning: Citation `mcandrewChimericForecastingCombining2022' on 
page 10 undefined on input line 265.


Package natbib Warning: Citation `bosseComparingHumanModelbased2022' on page 10
 undefined on input line 266.


Package natbib Warning: Citation `bastIncreasedRiskHospitalisation2021' on page
 10 undefined on input line 267.


Package natbib Warning: Citation `dehningImpactEuro20202023' on page 10 undefin
ed on input line 267.

File: WellcomeOR_logo_black.pdf Graphic file (type pdf)
<use WellcomeOR_logo_black.pdf>
Package pdftex.def Info: WellcomeOR_logo_black.pdf  used on input line 275.
(pdftex.def)             Requested size: 136.99722pt x 12.0pt.

LaTeX Warning: Reference `LastPage' on page 10 undefined on input line 275.

[10]

Package natbib Warning: Citation `bosseTransformationForecastsEvaluating2023' o
n page 11 undefined on input line 278.


Package natbib Warning: Citation `recchiaHowWellDid2021' on page 11 undefined o
n input line 282.

File: WellcomeOR_logo_black.pdf Graphic file (type pdf)
<use WellcomeOR_logo_black.pdf>
Package pdftex.def Info: WellcomeOR_logo_black.pdf  used on input line 297.
(pdftex.def)             Requested size: 136.99722pt x 12.0pt.

LaTeX Warning: Reference `LastPage' on page 11 undefined on input line 297.

[11]
Underfull \hbox (badness 1072) in paragraph at lines 306--313
\T1/mdbch/m/n/10 prepa-ra-tion of the manuscript, as well as its re-view
 []


Underfull \hbox (badness 1769) in paragraph at lines 318--319
\T1/mdbch/m/n/10 1044). EvL ac-knowl-edges fund-ing by the Na-tional
 []


Underfull \hbox (badness 1917) in paragraph at lines 318--319
\T1/mdbch/m/n/10 In-sti-tute for Health Re-search (NIHR) Health Pro-tec-
 []


Underfull \hbox (badness 1028) in paragraph at lines 318--319
\T1/mdbch/m/n/10 tion Re-search Unit (HPRU) in Mod-elling and Health
 []


Underfull \hbox (badness 2846) in paragraph at lines 318--319
\T1/mdbch/m/n/10 ro-pean Union's Hori-zon 2020 re-search and in-no-va-
 []

File: WellcomeOR_logo_black.pdf Graphic file (type pdf)
<use WellcomeOR_logo_black.pdf>
Package pdftex.def Info: WellcomeOR_logo_black.pdf  used on input line 326.
(pdftex.def)             Requested size: 136.99722pt x 12.0pt.

LaTeX Warning: Reference `LastPage' on page 12 undefined on input line 326.

[12]
LaTeX Font Info:    Font shape `T1/mdbch/m/n' will be
(Font)              scaled to size 8.64006pt on input line 328.
No file manuscript.bbl.

Overfull \hbox (2.22618pt too wide) detected at line 352
\OML/mdbch/m/it/10 IS[]\OT1/mdbch/m/n/10 (\OML/mdbch/m/it/10 F; y\OT1/mdbch/m/n
/10 ) = (\OML/mdbch/m/it/10 u \OMS/mdbch/m/n/10 ^^@ \OML/mdbch/m/it/10 l\OT1/md
bch/m/n/10 ) + [] \OMS/mdbch/m/n/10 ^^A \OT1/mdbch/m/n/10 (\OML/mdbch/m/it/10 l
 \OMS/mdbch/m/n/10 ^^@ \OML/mdbch/m/it/10 y\OT1/mdbch/m/n/10 ) \OMS/mdbch/m/n/1
0 ^^A \OT1/mdbch/m/n/10 1(\OML/mdbch/m/it/10 y \OMS/mdbch/m/n/10 ^^T \OML/mdbch
/m/it/10 l\OT1/mdbch/m/n/10 ) + [] \OMS/mdbch/m/n/10 ^^A \OT1/mdbch/m/n/10 (\OM
L/mdbch/m/it/10 y \OMS/mdbch/m/n/10 ^^@ \OML/mdbch/m/it/10 u\OT1/mdbch/m/n/10 )
 \OMS/mdbch/m/n/10 ^^A \OT1/mdbch/m/n/10 1(\OML/mdbch/m/it/10 y \OMS/mdbch/m/n/
10 ^^U \OML/mdbch/m/it/10 u\OT1/mdbch/m/n/10 )\OML/mdbch/m/it/10 ;
 []

(./SI/epinow2.tex

Package natbib Warning: Citation `ganyaniEstimatingGenerationInterval2020' on p
age 13 undefined on input line 165.


Package natbib Warning: Citation `lauerIncubationPeriodCoronavirus2020' on page
 13 undefined on input line 165.


Package natbib Warning: Citation `kraemer2020epidemiological' on page 13 undefi
ned on input line 165.


Package natbib Warning: Citation `covidregionaldata' on page 13 undefined on in
put line 165.


Package natbib Warning: Citation `epinow2' on page 13 undefined on input line 1
65.


Package natbib Warning: Citation `epiforecasts.io/covidCovid19TemporalVariation
2020' on page 13 undefined on input line 165.


Package natbib Warning: Citation `sherrattExploringSurveillanceData2021' on pag
e 13 undefined on input line 165.


Package natbib Warning: Citation `rstan' on page 13 undefined on input line 165
.


Package natbib Warning: Citation `riutort-mayolPracticalHilbertSpace2022' on pa
ge 13 undefined on input line 167.


Package natbib Warning: Citation `epidemia' on page 13 undefined on input line 
175.


Package natbib Warning: Citation `bhattSemiMechanisticBayesianModeling2023' on 
page 13 undefined on input line 175.

File: WellcomeOR_logo_black.pdf Graphic file (type pdf)
<use WellcomeOR_logo_black.pdf>
Package pdftex.def Info: WellcomeOR_logo_black.pdf  used on input line 176.
(pdftex.def)             Requested size: 136.99722pt x 12.0pt.

LaTeX Warning: Reference `LastPage' on page 13 undefined on input line 176.

[13


]

Package natbib Warning: Citation `epinow2' on page 14 undefined on input line 2
02.


Package natbib Warning: Citation `rstan' on page 14 undefined on input line 202
.


Package natbib Warning: Citation `rstan' on page 14 undefined on input line 202
.

File: WellcomeOR_logo_black.pdf Graphic file (type pdf)
<use WellcomeOR_logo_black.pdf>
Package pdftex.def Info: WellcomeOR_logo_black.pdf  used on input line 204.
(pdftex.def)             Requested size: 136.99722pt x 12.0pt.

LaTeX Warning: Reference `LastPage' on page 14 undefined on input line 204.

[14

])
<../output/figures/num-forecasters.png, id=175, 505.89pt x 361.35pt>
File: ../output/figures/num-forecasters.png Graphic file (type png)
<use ../output/figures/num-forecasters.png>
Package pdftex.def Info: ../output/figures/num-forecasters.png  used on input l
ine 363.
(pdftex.def)             Requested size: 490.12973pt x 350.10106pt.
<../output/figures/plot-data.png, id=176, 505.89pt x 578.16pt>
File: ../output/figures/plot-data.png Graphic file (type png)
<use ../output/figures/plot-data.png>
Package pdftex.def Info: ../output/figures/plot-data.png  used on input line 37
2.
(pdftex.def)             Requested size: 490.12973pt x 560.1617pt.
(./performance-table-horizon-4.tex

LaTeX Warning: `!h' float specifier changed to `!ht'.

)
<../output/figures/screenshot-crowd-classical.png, id=177, 2055.68pt x 991.705p
t>
File: ../output/figures/screenshot-crowd-classical.png Graphic file (type png)
<use ../output/figures/screenshot-crowd-classical.png>
Package pdftex.def Info: ../output/figures/screenshot-crowd-classical.png  used
 on input line 384.
(pdftex.def)             Requested size: 490.12973pt x 236.4403pt.
<../output/figures/screenshot-crowd-rt-app.png, id=178, 687.0468pt x 352.1958pt
>
File: ../output/figures/screenshot-crowd-rt-app.png Graphic file (type png)
<use ../output/figures/screenshot-crowd-rt-app.png>
Package pdftex.def Info: ../output/figures/screenshot-crowd-rt-app.png  used on
 input line 392.
(pdftex.def)             Requested size: 490.12973pt x 251.25381pt.
<../output/figures/performance-ranks-4.png, id=179, 505.89pt x 245.718pt>
File: ../output/figures/performance-ranks-4.png Graphic file (type png)
<use ../output/figures/performance-ranks-4.png>
Package pdftex.def Info: ../output/figures/performance-ranks-4.png  used on inp
ut line 401.
(pdftex.def)             Requested size: 490.12973pt x 238.06871pt.
File: WellcomeOR_logo_black.pdf Graphic file (type pdf)
<use WellcomeOR_logo_black.pdf>
Package pdftex.def Info: WellcomeOR_logo_black.pdf  used on input line 407.
(pdftex.def)             Requested size: 136.99722pt x 12.0pt.

LaTeX Warning: Reference `LastPage' on page 15 undefined on input line 407.

[15 <../output/figures/num-forecasters.png>]
File: WellcomeOR_logo_black.pdf Graphic file (type pdf)
<use WellcomeOR_logo_black.pdf>
Package pdftex.def Info: WellcomeOR_logo_black.pdf  used on input line 407.
(pdftex.def)             Requested size: 136.99722pt x 12.0pt.

LaTeX Warning: Reference `LastPage' on page 16 undefined on input line 407.

[16 <../output/figures/plot-data.png>]
File: WellcomeOR_logo_black.pdf Graphic file (type pdf)
<use WellcomeOR_logo_black.pdf>
Package pdftex.def Info: WellcomeOR_logo_black.pdf  used on input line 407.
(pdftex.def)             Requested size: 136.99722pt x 12.0pt.

LaTeX Warning: Reference `LastPage' on page 17 undefined on input line 407.

[17 <../output/figures/screenshot-crowd-classical.png> <../output/figures/scree
nshot-crowd-rt-app.png>]
File: WellcomeOR_logo_black.pdf Graphic file (type pdf)
<use WellcomeOR_logo_black.pdf>
Package pdftex.def Info: WellcomeOR_logo_black.pdf  used on input line 407.
(pdftex.def)             Requested size: 136.99722pt x 12.0pt.

LaTeX Warning: Reference `LastPage' on page 18 undefined on input line 407.

[18 <../output/figures/performance-ranks-4.png>]
<../output/figures/performance-expert.png, id=206, 2107.875pt x 1806.75pt>
File: ../output/figures/performance-expert.png Graphic file (type png)
<use ../output/figures/performance-expert.png>
Package pdftex.def Info: ../output/figures/performance-expert.png  used on inpu
t line 412.
(pdftex.def)             Requested size: 490.12973pt x 420.0926pt.

! LaTeX Error: File `manuscript/performance-table-experts.tex' not found.

Type X to quit or <RETURN> to proceed,
or enter new name. (Default extension: tex)

Enter file name: 
! Emergency stop.
<read *> 
         
l.418 \input{manuscript/performance-table-experts}
                                                  ^^M 
Here is how much of TeX's memory you used:
 26428 strings out of 476025
 497785 string characters out of 5779036
 1885388 words of memory out of 5000000
 46263 multiletter control sequences out of 15000+600000
 586724 words of font info for 151 fonts, out of 8000000 for 9000
 1141 hyphenation exceptions out of 8191
 114i,15n,131p,2077b,476s stack positions out of 10000i,1000n,20000p,200000b,200000s

!  ==> Fatal error occurred, no output PDF file produced!
